{"meta": {"format": 3, "version": "7.13.1", "timestamp": "2026-02-17T22:23:24.409019", "branch_coverage": false, "show_contexts": false}, "files": {"src/__init__.py": {"executed_lines": [], "summary": {"covered_lines": 0, "num_statements": 0, "percent_covered": 100.0, "percent_covered_display": "100", "missing_lines": 0, "excluded_lines": 0, "percent_statements_covered": 100.0, "percent_statements_covered_display": "100"}, "missing_lines": [], "excluded_lines": [], "functions": {"": {"executed_lines": [], "summary": {"covered_lines": 0, "num_statements": 0, "percent_covered": 100.0, "percent_covered_display": "100", "missing_lines": 0, "excluded_lines": 0, "percent_statements_covered": 100.0, "percent_statements_covered_display": "100"}, "missing_lines": [], "excluded_lines": [], "start_line": 1}}, "classes": {"": {"executed_lines": [], "summary": {"covered_lines": 0, "num_statements": 0, "percent_covered": 100.0, "percent_covered_display": "100", "missing_lines": 0, "excluded_lines": 0, "percent_statements_covered": 100.0, "percent_statements_covered_display": "100"}, "missing_lines": [], "excluded_lines": [], "start_line": 1}}}, "src/apps/__init__.py": {"executed_lines": [], "summary": {"covered_lines": 0, "num_statements": 0, "percent_covered": 100.0, "percent_covered_display": "100", "missing_lines": 0, "excluded_lines": 0, "percent_statements_covered": 100.0, "percent_statements_covered_display": "100"}, "missing_lines": [], "excluded_lines": [], "functions": {"": {"executed_lines": [], "summary": {"covered_lines": 0, "num_statements": 0, "percent_covered": 100.0, "percent_covered_display": "100", "missing_lines": 0, "excluded_lines": 0, "percent_statements_covered": 100.0, "percent_statements_covered_display": "100"}, "missing_lines": [], "excluded_lines": [], "start_line": 1}}, "classes": {"": {"executed_lines": [], "summary": {"covered_lines": 0, "num_statements": 0, "percent_covered": 100.0, "percent_covered_display": "100", "missing_lines": 0, "excluded_lines": 0, "percent_statements_covered": 100.0, "percent_statements_covered_display": "100"}, "missing_lines": [], "excluded_lines": [], "start_line": 1}}}, "src/apps/authentication/__init__.py": {"executed_lines": [], "summary": {"covered_lines": 0, "num_statements": 0, "percent_covered": 100.0, "percent_covered_display": "100", "missing_lines": 0, "excluded_lines": 0, "percent_statements_covered": 100.0, "percent_statements_covered_display": "100"}, "missing_lines": [], "excluded_lines": [], "functions": {"": {"executed_lines": [], "summary": {"covered_lines": 0, "num_statements": 0, "percent_covered": 100.0, "percent_covered_display": "100", "missing_lines": 0, "excluded_lines": 0, "percent_statements_covered": 100.0, "percent_statements_covered_display": "100"}, "missing_lines": [], "excluded_lines": [], "start_line": 1}}, "classes": {"": {"executed_lines": [], "summary": {"covered_lines": 0, "num_statements": 0, "percent_covered": 100.0, "percent_covered_display": "100", "missing_lines": 0, "excluded_lines": 0, "percent_statements_covered": 100.0, "percent_statements_covered_display": "100"}, "missing_lines": [], "excluded_lines": [], "start_line": 1}}}, "src/apps/authentication/ioc.py": {"executed_lines": [1, 3, 7, 15, 20, 21, 24, 25, 29, 34, 43, 45, 51, 65, 68, 71, 87, 98, 107, 109, 110, 123], "summary": {"covered_lines": 22, "num_statements": 67, "percent_covered": 32.83582089552239, "percent_covered_display": "33", "missing_lines": 45, "excluded_lines": 0, "percent_statements_covered": 32.83582089552239, "percent_statements_covered_display": "33"}, "missing_lines": [4, 5, 6, 12, 22, 23, 26, 32, 40, 54, 56, 62, 70, 89, 90, 92, 95, 101, 104, 125, 126, 128, 130, 131, 146, 148, 149, 151, 153, 154, 167, 169, 170, 172, 175, 178, 181, 183, 184, 204, 206, 207, 209, 212, 214], "excluded_lines": [], "functions": {"UserGatewayProviders.provide_user_gateway": {"executed_lines": [87], "summary": {"covered_lines": 1, "num_statements": 4, "percent_covered": 25.0, "percent_covered_display": "25", "missing_lines": 3, "excluded_lines": 0, "percent_statements_covered": 25.0, "percent_statements_covered_display": "25"}, "missing_lines": [89, 90, 92], "excluded_lines": [], "start_line": 71}, "AuthenticationGatewayProviders.provide_auth_session_adapter": {"executed_lines": [123], "summary": {"covered_lines": 1, "num_statements": 4, "percent_covered": 25.0, "percent_covered_display": "25", "missing_lines": 3, "excluded_lines": 0, "percent_statements_covered": 25.0, "percent_statements_covered_display": "25"}, "missing_lines": [125, 126, 128], "excluded_lines": [], "start_line": 110}, "AuthenticationGatewayProviders.provide_password_reset_token_adapter": {"executed_lines": [], "summary": {"covered_lines": 0, "num_statements": 4, "percent_covered": 0.0, "percent_covered_display": "0", "missing_lines": 4, "excluded_lines": 0, "percent_statements_covered": 0.0, "percent_statements_covered_display": "0"}, "missing_lines": [146, 148, 149, 151], "excluded_lines": [], "start_line": 131}, "AuthenticationGatewayProviders.provide_otp_code_adapter": {"executed_lines": [], "summary": {"covered_lines": 0, "num_statements": 4, "percent_covered": 0.0, "percent_covered_display": "0", "missing_lines": 4, "excluded_lines": 0, "percent_statements_covered": 0.0, "percent_statements_covered_display": "0"}, "missing_lines": [167, 169, 170, 172], "excluded_lines": [], "start_line": 154}, "OAuthGatewayProviders.provide_provider_gateway": {"executed_lines": [], "summary": {"covered_lines": 0, "num_statements": 4, "percent_covered": 0.0, "percent_covered_display": "0", "missing_lines": 4, "excluded_lines": 0, "percent_statements_covered": 0.0, "percent_statements_covered_display": "0"}, "missing_lines": [204, 206, 207, 209], "excluded_lines": [], "start_line": 184}, "get_authentication_providers": {"executed_lines": [], "summary": {"covered_lines": 0, "num_statements": 1, "percent_covered": 0.0, "percent_covered_display": "0", "missing_lines": 1, "excluded_lines": 0, "percent_statements_covered": 0.0, "percent_statements_covered_display": "0"}, "missing_lines": [214], "excluded_lines": [], "start_line": 212}, "": {"executed_lines": [1, 3, 7, 15, 20, 21, 24, 25, 29, 34, 43, 45, 51, 65, 68, 71, 98, 107, 109, 110], "summary": {"covered_lines": 20, "num_statements": 46, "percent_covered": 43.47826086956522, "percent_covered_display": "43", "missing_lines": 26, "excluded_lines": 0, "percent_statements_covered": 43.47826086956522, "percent_statements_covered_display": "43"}, "missing_lines": [4, 5, 6, 12, 22, 23, 26, 32, 40, 54, 56, 62, 70, 95, 101, 104, 130, 131, 153, 154, 175, 178, 181, 183, 184, 212], "excluded_lines": [], "start_line": 1}}, "classes": {"AuthenticationServiceProviders": {"executed_lines": [], "summary": {"covered_lines": 0, "num_statements": 0, "percent_covered": 100.0, "percent_covered_display": "100", "missing_lines": 0, "excluded_lines": 0, "percent_statements_covered": 100.0, "percent_statements_covered_display": "100"}, "missing_lines": [], "excluded_lines": [], "start_line": 29}, "UserServiceProviders": {"executed_lines": [], "summary": {"covered_lines": 0, "num_statements": 0, "percent_covered": 100.0, "percent_covered_display": "100", "missing_lines": 0, "excluded_lines": 0, "percent_statements_covered": 100.0, "percent_statements_covered_display": "100"}, "missing_lines": [], "excluded_lines": [], "start_line": 40}, "OAuthServiceProviders": {"executed_lines": [], "summary": {"covered_lines": 0, "num_statements": 0, "percent_covered": 100.0, "percent_covered_display": "100", "missing_lines": 0, "excluded_lines": 0, "percent_statements_covered": 100.0, "percent_statements_covered_display": "100"}, "missing_lines": [], "excluded_lines": [], "start_line": 51}, "UserGatewayProviders": {"executed_lines": [87], "summary": {"covered_lines": 1, "num_statements": 4, "percent_covered": 25.0, "percent_covered_display": "25", "missing_lines": 3, "excluded_lines": 0, "percent_statements_covered": 25.0, "percent_statements_covered_display": "25"}, "missing_lines": [89, 90, 92], "excluded_lines": [], "start_line": 62}, "AuthenticationGatewayProviders": {"executed_lines": [123], "summary": {"covered_lines": 1, "num_statements": 12, "percent_covered": 8.333333333333334, "percent_covered_display": "8", "missing_lines": 11, "excluded_lines": 0, "percent_statements_covered": 8.333333333333334, "percent_statements_covered_display": "8"}, "missing_lines": [125, 126, 128, 146, 148, 149, 151, 167, 169, 170, 172], "excluded_lines": [], "start_line": 95}, "OAuthGatewayProviders": {"executed_lines": [], "summary": {"covered_lines": 0, "num_statements": 4, "percent_covered": 0.0, "percent_covered_display": "0", "missing_lines": 4, "excluded_lines": 0, "percent_statements_covered": 0.0, "percent_statements_covered_display": "0"}, "missing_lines": [204, 206, 207, 209], "excluded_lines": [], "start_line": 175}, "": {"executed_lines": [1, 3, 7, 15, 20, 21, 24, 25, 29, 34, 43, 45, 51, 65, 68, 71, 98, 107, 109, 110], "summary": {"covered_lines": 20, "num_statements": 47, "percent_covered": 42.5531914893617, "percent_covered_display": "43", "missing_lines": 27, "excluded_lines": 0, "percent_statements_covered": 42.5531914893617, "percent_statements_covered_display": "43"}, "missing_lines": [4, 5, 6, 12, 22, 23, 26, 32, 40, 54, 56, 62, 70, 95, 101, 104, 130, 131, 153, 154, 175, 178, 181, 183, 184, 212, 214], "excluded_lines": [], "start_line": 1}}}, "src/apps/authentication/session/__init__.py": {"executed_lines": [], "summary": {"covered_lines": 0, "num_statements": 0, "percent_covered": 100.0, "percent_covered_display": "100", "missing_lines": 0, "excluded_lines": 0, "percent_statements_covered": 100.0, "percent_statements_covered_display": "100"}, "missing_lines": [], "excluded_lines": [], "functions": {"": {"executed_lines": [], "summary": {"covered_lines": 0, "num_statements": 0, "percent_covered": 100.0, "percent_covered_display": "100", "missing_lines": 0, "excluded_lines": 0, "percent_statements_covered": 100.0, "percent_statements_covered_display": "100"}, "missing_lines": [], "excluded_lines": [], "start_line": 1}}, "classes": {"": {"executed_lines": [], "summary": {"covered_lines": 0, "num_statements": 0, "percent_covered": 100.0, "percent_covered_display": "100", "missing_lines": 0, "excluded_lines": 0, "percent_statements_covered": 100.0, "percent_statements_covered_display": "100"}, "missing_lines": [], "excluded_lines": [], "start_line": 1}}}, "src/apps/authentication/session/adapters/__init__.py": {"executed_lines": [], "summary": {"covered_lines": 0, "num_statements": 0, "percent_covered": 100.0, "percent_covered_display": "100", "missing_lines": 0, "excluded_lines": 0, "percent_statements_covered": 100.0, "percent_statements_covered_display": "100"}, "missing_lines": [], "excluded_lines": [], "functions": {"": {"executed_lines": [], "summary": {"covered_lines": 0, "num_statements": 0, "percent_covered": 100.0, "percent_covered_display": "100", "missing_lines": 0, "excluded_lines": 0, "percent_statements_covered": 100.0, "percent_statements_covered_display": "100"}, "missing_lines": [], "excluded_lines": [], "start_line": 1}}, "classes": {"": {"executed_lines": [], "summary": {"covered_lines": 0, "num_statements": 0, "percent_covered": 100.0, "percent_covered_display": "100", "missing_lines": 0, "excluded_lines": 0, "percent_statements_covered": 100.0, "percent_statements_covered_display": "100"}, "missing_lines": [], "excluded_lines": [], "start_line": 1}}}, "src/apps/authentication/session/adapters/adapter.py": {"executed_lines": [1, 2, 4, 6, 11, 15, 20, 23, 24, 29, 92, 97, 134, 180, 184, 242, 260, 284, 314, 316, 339], "summary": {"covered_lines": 21, "num_statements": 89, "percent_covered": 23.59550561797753, "percent_covered_display": "24", "missing_lines": 68, "excluded_lines": 0, "percent_statements_covered": 23.59550561797753, "percent_statements_covered_display": "24"}, "missing_lines": [26, 27, 44, 52, 53, 55, 65, 69, 70, 72, 79, 80, 82, 89, 93, 95, 107, 112, 113, 115, 122, 130, 133, 136, 138, 148, 158, 159, 161, 168, 176, 179, 182, 199, 208, 218, 220, 226, 233, 235, 245, 246, 248, 250, 262, 273, 280, 282, 283, 292, 294, 295, 296, 299, 300, 302, 304, 322, 323, 326, 328, 335, 337, 338, 349, 351, 352, 353], "excluded_lines": [], "functions": {"AuthSessionAdapter.add": {"executed_lines": [], "summary": {"covered_lines": 0, "num_statements": 2, "percent_covered": 0.0, "percent_covered_display": "0", "missing_lines": 2, "excluded_lines": 0, "percent_statements_covered": 0.0, "percent_statements_covered_display": "0"}, "missing_lines": [26, 27], "excluded_lines": [], "start_line": 24}, "AuthSessionAdapter.get_refresh_session": {"executed_lines": [], "summary": {"covered_lines": 0, "num_statements": 3, "percent_covered": 0.0, "percent_covered_display": "0", "missing_lines": 3, "excluded_lines": 0, "percent_statements_covered": 0.0, "percent_statements_covered_display": "0"}, "missing_lines": [44, 52, 53], "excluded_lines": [], "start_line": 29}, "AuthSessionAdapter.count_active_auth_session_by_user_id": {"executed_lines": [], "summary": {"covered_lines": 0, "num_statements": 3, "percent_covered": 0.0, "percent_covered_display": "0", "missing_lines": 3, "excluded_lines": 0, "percent_statements_covered": 0.0, "percent_statements_covered_display": "0"}, "missing_lines": [65, 69, 70], "excluded_lines": [], "start_line": 55}, "AuthSessionAdapter.remove_refresh_sessions_by_user_id": {"executed_lines": [], "summary": {"covered_lines": 0, "num_statements": 2, "percent_covered": 0.0, "percent_covered_display": "0", "missing_lines": 2, "excluded_lines": 0, "percent_statements_covered": 0.0, "percent_statements_covered_display": "0"}, "missing_lines": [79, 80], "excluded_lines": [], "start_line": 72}, "AuthSessionAdapter.remove": {"executed_lines": [], "summary": {"covered_lines": 0, "num_statements": 1, "percent_covered": 0.0, "percent_covered_display": "0", "missing_lines": 1, "excluded_lines": 0, "percent_statements_covered": 0.0, "percent_statements_covered_display": "0"}, "missing_lines": [89], "excluded_lines": [], "start_line": 82}, "PasswordResetTokenAdapter.add": {"executed_lines": [], "summary": {"covered_lines": 0, "num_statements": 1, "percent_covered": 0.0, "percent_covered_display": "0", "missing_lines": 1, "excluded_lines": 0, "percent_statements_covered": 0.0, "percent_statements_covered_display": "0"}, "missing_lines": [95], "excluded_lines": [], "start_line": 93}, "PasswordResetTokenAdapter.get_valid_password_reset_token": {"executed_lines": [], "summary": {"covered_lines": 0, "num_statements": 3, "percent_covered": 0.0, "percent_covered_display": "0", "missing_lines": 3, "excluded_lines": 0, "percent_statements_covered": 0.0, "percent_statements_covered_display": "0"}, "missing_lines": [107, 112, 113], "excluded_lines": [], "start_line": 97}, "PasswordResetTokenAdapter.invalidate_unused_password_reset_tokens": {"executed_lines": [], "summary": {"covered_lines": 0, "num_statements": 2, "percent_covered": 0.0, "percent_covered_display": "0", "missing_lines": 2, "excluded_lines": 0, "percent_statements_covered": 0.0, "percent_statements_covered_display": "0"}, "missing_lines": [122, 130], "excluded_lines": [], "start_line": 115}, "OTPCodeAdapter.add": {"executed_lines": [], "summary": {"covered_lines": 0, "num_statements": 1, "percent_covered": 0.0, "percent_covered_display": "0", "missing_lines": 1, "excluded_lines": 0, "percent_statements_covered": 0.0, "percent_statements_covered_display": "0"}, "missing_lines": [136], "excluded_lines": [], "start_line": 134}, "OTPCodeAdapter.get_valid_otp_code": {"executed_lines": [], "summary": {"covered_lines": 0, "num_statements": 3, "percent_covered": 0.0, "percent_covered_display": "0", "missing_lines": 3, "excluded_lines": 0, "percent_statements_covered": 0.0, "percent_statements_covered_display": "0"}, "missing_lines": [148, 158, 159], "excluded_lines": [], "start_line": 138}, "OTPCodeAdapter.invalidate_unused_otp_codes": {"executed_lines": [], "summary": {"covered_lines": 0, "num_statements": 2, "percent_covered": 0.0, "percent_covered_display": "0", "missing_lines": 2, "excluded_lines": 0, "percent_statements_covered": 0.0, "percent_statements_covered_display": "0"}, "missing_lines": [168, 176], "excluded_lines": [], "start_line": 161}, "FakeAuthSessionAdapter.add": {"executed_lines": [], "summary": {"covered_lines": 0, "num_statements": 1, "percent_covered": 0.0, "percent_covered_display": "0", "missing_lines": 1, "excluded_lines": 0, "percent_statements_covered": 0.0, "percent_statements_covered_display": "0"}, "missing_lines": [182], "excluded_lines": [], "start_line": 180}, "FakeAuthSessionAdapter.get_refresh_session": {"executed_lines": [], "summary": {"covered_lines": 0, "num_statements": 1, "percent_covered": 0.0, "percent_covered_display": "0", "missing_lines": 1, "excluded_lines": 0, "percent_statements_covered": 0.0, "percent_statements_covered_display": "0"}, "missing_lines": [199], "excluded_lines": [], "start_line": 184}, "FakeAuthSessionAdapter.count_active_auth_session_by_user_id": {"executed_lines": [], "summary": {"covered_lines": 0, "num_statements": 2, "percent_covered": 0.0, "percent_covered_display": "0", "missing_lines": 2, "excluded_lines": 0, "percent_statements_covered": 0.0, "percent_statements_covered_display": "0"}, "missing_lines": [218, 220], "excluded_lines": [], "start_line": 208}, "FakeAuthSessionAdapter.remove_refresh_sessions_by_user_id": {"executed_lines": [], "summary": {"covered_lines": 0, "num_statements": 1, "percent_covered": 0.0, "percent_covered_display": "0", "missing_lines": 1, "excluded_lines": 0, "percent_statements_covered": 0.0, "percent_statements_covered_display": "0"}, "missing_lines": [233], "excluded_lines": [], "start_line": 226}, "FakeAuthSessionAdapter.remove": {"executed_lines": [242], "summary": {"covered_lines": 1, "num_statements": 1, "percent_covered": 100.0, "percent_covered_display": "100", "missing_lines": 0, "excluded_lines": 0, "percent_statements_covered": 100.0, "percent_statements_covered_display": "100"}, "missing_lines": [], "excluded_lines": [], "start_line": 235}, "FakePasswordResetTokenAdapter.add": {"executed_lines": [], "summary": {"covered_lines": 0, "num_statements": 1, "percent_covered": 0.0, "percent_covered_display": "0", "missing_lines": 1, "excluded_lines": 0, "percent_statements_covered": 0.0, "percent_statements_covered_display": "0"}, "missing_lines": [248], "excluded_lines": [], "start_line": 246}, "FakePasswordResetTokenAdapter.get_valid_password_reset_token": {"executed_lines": [260], "summary": {"covered_lines": 1, "num_statements": 2, "percent_covered": 50.0, "percent_covered_display": "50", "missing_lines": 1, "excluded_lines": 0, "percent_statements_covered": 50.0, "percent_statements_covered_display": "50"}, "missing_lines": [262], "excluded_lines": [], "start_line": 250}, "FakePasswordResetTokenAdapter.invalidate_unused_password_reset_tokens": {"executed_lines": [284], "summary": {"covered_lines": 1, "num_statements": 8, "percent_covered": 12.5, "percent_covered_display": "12", "missing_lines": 7, "excluded_lines": 0, "percent_statements_covered": 12.5, "percent_statements_covered_display": "12"}, "missing_lines": [280, 282, 283, 292, 294, 295, 296], "excluded_lines": [], "start_line": 273}, "FakeOTPCodeAdapter.add": {"executed_lines": [], "summary": {"covered_lines": 0, "num_statements": 1, "percent_covered": 0.0, "percent_covered_display": "0", "missing_lines": 1, "excluded_lines": 0, "percent_statements_covered": 0.0, "percent_statements_covered_display": "0"}, "missing_lines": [302], "excluded_lines": [], "start_line": 300}, "FakeOTPCodeAdapter.get_valid_otp_code": {"executed_lines": [314, 316], "summary": {"covered_lines": 2, "num_statements": 5, "percent_covered": 40.0, "percent_covered_display": "40", "missing_lines": 3, "excluded_lines": 0, "percent_statements_covered": 40.0, "percent_statements_covered_display": "40"}, "missing_lines": [322, 323, 326], "excluded_lines": [], "start_line": 304}, "FakeOTPCodeAdapter.invalidate_unused_otp_codes": {"executed_lines": [339], "summary": {"covered_lines": 1, "num_statements": 8, "percent_covered": 12.5, "percent_covered_display": "12", "missing_lines": 7, "excluded_lines": 0, "percent_statements_covered": 12.5, "percent_statements_covered_display": "12"}, "missing_lines": [335, 337, 338, 349, 351, 352, 353], "excluded_lines": [], "start_line": 328}, "": {"executed_lines": [1, 2, 4, 6, 11, 15, 20, 23, 24, 29, 92, 97, 134, 180, 184], "summary": {"covered_lines": 15, "num_statements": 35, "percent_covered": 42.857142857142854, "percent_covered_display": "43", "missing_lines": 20, "excluded_lines": 0, "percent_statements_covered": 42.857142857142854, "percent_statements_covered_display": "43"}, "missing_lines": [55, 72, 82, 93, 115, 133, 138, 161, 179, 208, 226, 235, 245, 246, 250, 273, 299, 300, 304, 328], "excluded_lines": [], "start_line": 1}}, "classes": {"AuthSessionAdapter": {"executed_lines": [], "summary": {"covered_lines": 0, "num_statements": 11, "percent_covered": 0.0, "percent_covered_display": "0", "missing_lines": 11, "excluded_lines": 0, "percent_statements_covered": 0.0, "percent_statements_covered_display": "0"}, "missing_lines": [26, 27, 44, 52, 53, 65, 69, 70, 79, 80, 89], "excluded_lines": [], "start_line": 23}, "PasswordResetTokenAdapter": {"executed_lines": [], "summary": {"covered_lines": 0, "num_statements": 6, "percent_covered": 0.0, "percent_covered_display": "0", "missing_lines": 6, "excluded_lines": 0, "percent_statements_covered": 0.0, "percent_statements_covered_display": "0"}, "missing_lines": [95, 107, 112, 113, 122, 130], "excluded_lines": [], "start_line": 92}, "OTPCodeAdapter": {"executed_lines": [], "summary": {"covered_lines": 0, "num_statements": 6, "percent_covered": 0.0, "percent_covered_display": "0", "missing_lines": 6, "excluded_lines": 0, "percent_statements_covered": 0.0, "percent_statements_covered_display": "0"}, "missing_lines": [136, 148, 158, 159, 168, 176], "excluded_lines": [], "start_line": 133}, "FakeAuthSessionAdapter": {"executed_lines": [242], "summary": {"covered_lines": 1, "num_statements": 6, "percent_covered": 16.666666666666668, "percent_covered_display": "17", "missing_lines": 5, "excluded_lines": 0, "percent_statements_covered": 16.666666666666668, "percent_statements_covered_display": "17"}, "missing_lines": [182, 199, 218, 220, 233], "excluded_lines": [], "start_line": 179}, "FakePasswordResetTokenAdapter": {"executed_lines": [260, 284], "summary": {"covered_lines": 2, "num_statements": 11, "percent_covered": 18.181818181818183, "percent_covered_display": "18", "missing_lines": 9, "excluded_lines": 0, "percent_statements_covered": 18.181818181818183, "percent_statements_covered_display": "18"}, "missing_lines": [248, 262, 280, 282, 283, 292, 294, 295, 296], "excluded_lines": [], "start_line": 245}, "FakeOTPCodeAdapter": {"executed_lines": [314, 316, 339], "summary": {"covered_lines": 3, "num_statements": 14, "percent_covered": 21.428571428571427, "percent_covered_display": "21", "missing_lines": 11, "excluded_lines": 0, "percent_statements_covered": 21.428571428571427, "percent_statements_covered_display": "21"}, "missing_lines": [302, 322, 323, 326, 335, 337, 338, 349, 351, 352, 353], "excluded_lines": [], "start_line": 299}, "": {"executed_lines": [1, 2, 4, 6, 11, 15, 20, 23, 24, 29, 92, 97, 134, 180, 184], "summary": {"covered_lines": 15, "num_statements": 35, "percent_covered": 42.857142857142854, "percent_covered_display": "43", "missing_lines": 20, "excluded_lines": 0, "percent_statements_covered": 42.857142857142854, "percent_statements_covered_display": "43"}, "missing_lines": [55, 72, 82, 93, 115, 133, 138, 161, 179, 208, 226, 235, 245, 246, 250, 273, 299, 300, 304, 328], "excluded_lines": [], "start_line": 1}}}, "src/apps/authentication/session/application/__init__.py": {"executed_lines": [], "summary": {"covered_lines": 0, "num_statements": 0, "percent_covered": 100.0, "percent_covered_display": "100", "missing_lines": 0, "excluded_lines": 0, "percent_statements_covered": 100.0, "percent_statements_covered_display": "100"}, "missing_lines": [], "excluded_lines": [], "functions": {"": {"executed_lines": [], "summary": {"covered_lines": 0, "num_statements": 0, "percent_covered": 100.0, "percent_covered_display": "100", "missing_lines": 0, "excluded_lines": 0, "percent_statements_covered": 100.0, "percent_statements_covered_display": "100"}, "missing_lines": [], "excluded_lines": [], "start_line": 1}}, "classes": {"": {"executed_lines": [], "summary": {"covered_lines": 0, "num_statements": 0, "percent_covered": 100.0, "percent_covered_display": "100", "missing_lines": 0, "excluded_lines": 0, "percent_statements_covered": 100.0, "percent_statements_covered_display": "100"}, "missing_lines": [], "excluded_lines": [], "start_line": 1}}}, "src/apps/authentication/session/application/ensure.py": {"executed_lines": [1, 3, 4, 9, 14, 17, 18, 30], "summary": {"covered_lines": 8, "num_statements": 29, "percent_covered": 27.586206896551722, "percent_covered_display": "28", "missing_lines": 21, "excluded_lines": 0, "percent_statements_covered": 27.586206896551722, "percent_statements_covered_display": "28"}, "missing_lines": [25, 26, 27, 28, 48, 50, 51, 52, 54, 56, 69, 71, 72, 73, 75, 77, 90, 92, 93, 94, 96], "excluded_lines": [], "functions": {"AuthenticationServiceEnsurance.__init__": {"executed_lines": [], "summary": {"covered_lines": 0, "num_statements": 4, "percent_covered": 0.0, "percent_covered_display": "0", "missing_lines": 4, "excluded_lines": 0, "percent_statements_covered": 0.0, "percent_statements_covered_display": "0"}, "missing_lines": [25, 26, 27, 28], "excluded_lines": [], "start_line": 18}, "AuthenticationServiceEnsurance.auth_session_exists": {"executed_lines": [], "summary": {"covered_lines": 0, "num_statements": 5, "percent_covered": 0.0, "percent_covered_display": "0", "missing_lines": 5, "excluded_lines": 0, "percent_statements_covered": 0.0, "percent_statements_covered_display": "0"}, "missing_lines": [48, 50, 51, 52, 54], "excluded_lines": [], "start_line": 30}, "AuthenticationServiceEnsurance.valid_password_reset_token_exists": {"executed_lines": [], "summary": {"covered_lines": 0, "num_statements": 5, "percent_covered": 0.0, "percent_covered_display": "0", "missing_lines": 5, "excluded_lines": 0, "percent_statements_covered": 0.0, "percent_statements_covered_display": "0"}, "missing_lines": [69, 71, 72, 73, 75], "excluded_lines": [], "start_line": 56}, "AuthenticationServiceEnsurance.valid_otp_code_exists": {"executed_lines": [], "summary": {"covered_lines": 0, "num_statements": 5, "percent_covered": 0.0, "percent_covered_display": "0", "missing_lines": 5, "excluded_lines": 0, "percent_statements_covered": 0.0, "percent_statements_covered_display": "0"}, "missing_lines": [90, 92, 93, 94, 96], "excluded_lines": [], "start_line": 77}, "": {"executed_lines": [1, 3, 4, 9, 14, 17, 18, 30], "summary": {"covered_lines": 8, "num_statements": 10, "percent_covered": 80.0, "percent_covered_display": "80", "missing_lines": 2, "excluded_lines": 0, "percent_statements_covered": 80.0, "percent_statements_covered_display": "80"}, "missing_lines": [56, 77], "excluded_lines": [], "start_line": 1}}, "classes": {"AuthenticationServiceEnsurance": {"executed_lines": [], "summary": {"covered_lines": 0, "num_statements": 19, "percent_covered": 0.0, "percent_covered_display": "0", "missing_lines": 19, "excluded_lines": 0, "percent_statements_covered": 0.0, "percent_statements_covered_display": "0"}, "missing_lines": [25, 26, 27, 28, 48, 50, 51, 52, 54, 69, 71, 72, 73, 75, 90, 92, 93, 94, 96], "excluded_lines": [], "start_line": 17}, "": {"executed_lines": [1, 3, 4, 9, 14, 17, 18, 30], "summary": {"covered_lines": 8, "num_statements": 10, "percent_covered": 80.0, "percent_covered_display": "80", "missing_lines": 2, "excluded_lines": 0, "percent_statements_covered": 80.0, "percent_statements_covered_display": "80"}, "missing_lines": [56, 77], "excluded_lines": [], "start_line": 1}}}, "src/apps/authentication/session/application/exceptions.py": {"executed_lines": [1, 3, 6, 9, 14, 18, 19, 25, 26, 27], "summary": {"covered_lines": 10, "num_statements": 26, "percent_covered": 38.46153846153846, "percent_covered_display": "38", "missing_lines": 16, "excluded_lines": 0, "percent_statements_covered": 38.46153846153846, "percent_statements_covered_display": "38"}, "missing_lines": [10, 11, 17, 22, 30, 33, 34, 35, 38, 41, 42, 43, 46, 47, 48, 49], "excluded_lines": [], "functions": {"": {"executed_lines": [1, 3, 6, 9, 14, 18, 19, 25, 26, 27], "summary": {"covered_lines": 10, "num_statements": 26, "percent_covered": 38.46153846153846, "percent_covered_display": "38", "missing_lines": 16, "excluded_lines": 0, "percent_statements_covered": 38.46153846153846, "percent_statements_covered_display": "38"}, "missing_lines": [10, 11, 17, 22, 30, 33, 34, 35, 38, 41, 42, 43, 46, 47, 48, 49], "excluded_lines": [], "start_line": 1}}, "classes": {"OTPMaxAttemptsExceededError": {"executed_lines": [], "summary": {"covered_lines": 0, "num_statements": 0, "percent_covered": 100.0, "percent_covered_display": "100", "missing_lines": 0, "excluded_lines": 0, "percent_statements_covered": 100.0, "percent_statements_covered_display": "100"}, "missing_lines": [], "excluded_lines": [], "start_line": 6}, "InvalidOTPCodeError": {"executed_lines": [], "summary": {"covered_lines": 0, "num_statements": 0, "percent_covered": 100.0, "percent_covered_display": "100", "missing_lines": 0, "excluded_lines": 0, "percent_statements_covered": 100.0, "percent_statements_covered_display": "100"}, "missing_lines": [], "excluded_lines": [], "start_line": 14}, "InvalidRefreshSessionError": {"executed_lines": [], "summary": {"covered_lines": 0, "num_statements": 0, "percent_covered": 100.0, "percent_covered_display": "100", "missing_lines": 0, "excluded_lines": 0, "percent_statements_covered": 100.0, "percent_statements_covered_display": "100"}, "missing_lines": [], "excluded_lines": [], "start_line": 22}, "InvalidPasswordResetTokenError": {"executed_lines": [], "summary": {"covered_lines": 0, "num_statements": 0, "percent_covered": 100.0, "percent_covered_display": "100", "missing_lines": 0, "excluded_lines": 0, "percent_statements_covered": 100.0, "percent_statements_covered_display": "100"}, "missing_lines": [], "excluded_lines": [], "start_line": 30}, "ExchangeOAuthCodeError": {"executed_lines": [], "summary": {"covered_lines": 0, "num_statements": 0, "percent_covered": 100.0, "percent_covered_display": "100", "missing_lines": 0, "excluded_lines": 0, "percent_statements_covered": 100.0, "percent_statements_covered_display": "100"}, "missing_lines": [], "excluded_lines": [], "start_line": 38}, "UserPhoneNotFoundError": {"executed_lines": [], "summary": {"covered_lines": 0, "num_statements": 0, "percent_covered": 100.0, "percent_covered_display": "100", "missing_lines": 0, "excluded_lines": 0, "percent_statements_covered": 100.0, "percent_statements_covered_display": "100"}, "missing_lines": [], "excluded_lines": [], "start_line": 46}, "": {"executed_lines": [1, 3, 6, 9, 14, 18, 19, 25, 26, 27], "summary": {"covered_lines": 10, "num_statements": 26, "percent_covered": 38.46153846153846, "percent_covered_display": "38", "missing_lines": 16, "excluded_lines": 0, "percent_statements_covered": 38.46153846153846, "percent_statements_covered_display": "38"}, "missing_lines": [10, 11, 17, 22, 30, 33, 34, 35, 38, 41, 42, 43, 46, 47, 48, 49], "excluded_lines": [], "start_line": 1}}}, "src/apps/authentication/session/application/interfaces/__init__.py": {"executed_lines": [], "summary": {"covered_lines": 0, "num_statements": 0, "percent_covered": 100.0, "percent_covered_display": "100", "missing_lines": 0, "excluded_lines": 0, "percent_statements_covered": 100.0, "percent_statements_covered_display": "100"}, "missing_lines": [], "excluded_lines": [], "functions": {"": {"executed_lines": [], "summary": {"covered_lines": 0, "num_statements": 0, "percent_covered": 100.0, "percent_covered_display": "100", "missing_lines": 0, "excluded_lines": 0, "percent_statements_covered": 100.0, "percent_statements_covered_display": "100"}, "missing_lines": [], "excluded_lines": [], "start_line": 1}}, "classes": {"": {"executed_lines": [], "summary": {"covered_lines": 0, "num_statements": 0, "percent_covered": 100.0, "percent_covered_display": "100", "missing_lines": 0, "excluded_lines": 0, "percent_statements_covered": 100.0, "percent_statements_covered_display": "100"}, "missing_lines": [], "excluded_lines": [], "start_line": 1}}}, "src/apps/authentication/session/application/interfaces/gateway.py": {"executed_lines": [1, 2, 4, 9, 12, 13, 14, 18, 19, 36, 37, 49, 50, 59, 60, 70, 71, 72, 76, 77, 102], "summary": {"covered_lines": 21, "num_statements": 29, "percent_covered": 72.41379310344827, "percent_covered_display": "72", "missing_lines": 8, "excluded_lines": 24, "percent_statements_covered": 72.41379310344827, "percent_statements_covered_display": "72"}, "missing_lines": [89, 90, 100, 101, 106, 107, 119, 120], "excluded_lines": [16, 17, 34, 35, 47, 48, 57, 58, 67, 68, 69, 74, 75, 87, 88, 97, 98, 99, 104, 105, 117, 118, 127, 128], "functions": {"AuthSessionGatewayProto.add": {"executed_lines": [], "summary": {"covered_lines": 0, "num_statements": 0, "percent_covered": 100.0, "percent_covered_display": "100", "missing_lines": 0, "excluded_lines": 1, "percent_statements_covered": 100.0, "percent_statements_covered_display": "100"}, "missing_lines": [], "excluded_lines": [16], "start_line": 14}, "AuthSessionGatewayProto.get_refresh_session": {"executed_lines": [], "summary": {"covered_lines": 0, "num_statements": 0, "percent_covered": 100.0, "percent_covered_display": "100", "missing_lines": 0, "excluded_lines": 1, "percent_statements_covered": 100.0, "percent_statements_covered_display": "100"}, "missing_lines": [], "excluded_lines": [34], "start_line": 19}, "AuthSessionGatewayProto.count_active_auth_session_by_user_id": {"executed_lines": [], "summary": {"covered_lines": 0, "num_statements": 0, "percent_covered": 100.0, "percent_covered_display": "100", "missing_lines": 0, "excluded_lines": 1, "percent_statements_covered": 100.0, "percent_statements_covered_display": "100"}, "missing_lines": [], "excluded_lines": [47], "start_line": 37}, "AuthSessionGatewayProto.remove_refresh_sessions_by_user_id": {"executed_lines": [], "summary": {"covered_lines": 0, "num_statements": 0, "percent_covered": 100.0, "percent_covered_display": "100", "missing_lines": 0, "excluded_lines": 1, "percent_statements_covered": 100.0, "percent_statements_covered_display": "100"}, "missing_lines": [], "excluded_lines": [57], "start_line": 50}, "AuthSessionGatewayProto.remove": {"executed_lines": [], "summary": {"covered_lines": 0, "num_statements": 0, "percent_covered": 100.0, "percent_covered_display": "100", "missing_lines": 0, "excluded_lines": 1, "percent_statements_covered": 100.0, "percent_statements_covered_display": "100"}, "missing_lines": [], "excluded_lines": [67], "start_line": 60}, "PasswordResetTokenGatewayProto.add": {"executed_lines": [], "summary": {"covered_lines": 0, "num_statements": 0, "percent_covered": 100.0, "percent_covered_display": "100", "missing_lines": 0, "excluded_lines": 1, "percent_statements_covered": 100.0, "percent_statements_covered_display": "100"}, "missing_lines": [], "excluded_lines": [74], "start_line": 72}, "PasswordResetTokenGatewayProto.get_valid_password_reset_token": {"executed_lines": [], "summary": {"covered_lines": 0, "num_statements": 0, "percent_covered": 100.0, "percent_covered_display": "100", "missing_lines": 0, "excluded_lines": 1, "percent_statements_covered": 100.0, "percent_statements_covered_display": "100"}, "missing_lines": [], "excluded_lines": [87], "start_line": 77}, "PasswordResetTokenGatewayProto.invalidate_unused_password_reset_tokens": {"executed_lines": [], "summary": {"covered_lines": 0, "num_statements": 0, "percent_covered": 100.0, "percent_covered_display": "100", "missing_lines": 0, "excluded_lines": 1, "percent_statements_covered": 100.0, "percent_statements_covered_display": "100"}, "missing_lines": [], "excluded_lines": [97], "start_line": 90}, "OTPCodeGatewayProto.add": {"executed_lines": [], "summary": {"covered_lines": 0, "num_statements": 0, "percent_covered": 100.0, "percent_covered_display": "100", "missing_lines": 0, "excluded_lines": 1, "percent_statements_covered": 100.0, "percent_statements_covered_display": "100"}, "missing_lines": [], "excluded_lines": [104], "start_line": 102}, "OTPCodeGatewayProto.get_valid_otp_code": {"executed_lines": [], "summary": {"covered_lines": 0, "num_statements": 0, "percent_covered": 100.0, "percent_covered_display": "100", "missing_lines": 0, "excluded_lines": 1, "percent_statements_covered": 100.0, "percent_statements_covered_display": "100"}, "missing_lines": [], "excluded_lines": [117], "start_line": 107}, "OTPCodeGatewayProto.invalidate_unused_otp_codes": {"executed_lines": [], "summary": {"covered_lines": 0, "num_statements": 0, "percent_covered": 100.0, "percent_covered_display": "100", "missing_lines": 0, "excluded_lines": 1, "percent_statements_covered": 100.0, "percent_statements_covered_display": "100"}, "missing_lines": [], "excluded_lines": [127], "start_line": 120}, "": {"executed_lines": [1, 2, 4, 9, 12, 13, 14, 18, 19, 36, 37, 49, 50, 59, 60, 70, 71, 72, 76, 77, 102], "summary": {"covered_lines": 21, "num_statements": 29, "percent_covered": 72.41379310344827, "percent_covered_display": "72", "missing_lines": 8, "excluded_lines": 12, "percent_statements_covered": 72.41379310344827, "percent_statements_covered_display": "72"}, "missing_lines": [89, 90, 100, 101, 106, 107, 119, 120], "excluded_lines": [17, 35, 48, 58, 68, 69, 75, 88, 98, 99, 105, 118], "start_line": 1}}, "classes": {"AuthSessionGatewayProto": {"executed_lines": [], "summary": {"covered_lines": 0, "num_statements": 0, "percent_covered": 100.0, "percent_covered_display": "100", "missing_lines": 0, "excluded_lines": 5, "percent_statements_covered": 100.0, "percent_statements_covered_display": "100"}, "missing_lines": [], "excluded_lines": [16, 34, 47, 57, 67], "start_line": 12}, "PasswordResetTokenGatewayProto": {"executed_lines": [], "summary": {"covered_lines": 0, "num_statements": 0, "percent_covered": 100.0, "percent_covered_display": "100", "missing_lines": 0, "excluded_lines": 3, "percent_statements_covered": 100.0, "percent_statements_covered_display": "100"}, "missing_lines": [], "excluded_lines": [74, 87, 97], "start_line": 70}, "OTPCodeGatewayProto": {"executed_lines": [], "summary": {"covered_lines": 0, "num_statements": 0, "percent_covered": 100.0, "percent_covered_display": "100", "missing_lines": 0, "excluded_lines": 3, "percent_statements_covered": 100.0, "percent_statements_covered_display": "100"}, "missing_lines": [], "excluded_lines": [104, 117, 127], "start_line": 100}, "": {"executed_lines": [1, 2, 4, 9, 12, 13, 14, 18, 19, 36, 37, 49, 50, 59, 60, 70, 71, 72, 76, 77, 102], "summary": {"covered_lines": 21, "num_statements": 29, "percent_covered": 72.41379310344827, "percent_covered_display": "72", "missing_lines": 8, "excluded_lines": 12, "percent_statements_covered": 72.41379310344827, "percent_statements_covered_display": "72"}, "missing_lines": [89, 90, 100, 101, 106, 107, 119, 120], "excluded_lines": [17, 35, 48, 58, 68, 69, 75, 88, 98, 99, 105, 118], "start_line": 1}}}, "src/apps/authentication/session/application/service.py": {"executed_lines": [1, 2, 6, 10, 13, 20, 31, 37, 42, 43, 47, 48, 66, 103, 182, 183, 211, 279, 360, 378], "summary": {"covered_lines": 20, "num_statements": 139, "percent_covered": 14.388489208633093, "percent_covered_display": "14", "missing_lines": 119, "excluded_lines": 0, "percent_statements_covered": 14.388489208633093, "percent_statements_covered_display": "14"}, "missing_lines": [3, 5, 8, 9, 18, 19, 44, 58, 59, 60, 61, 62, 63, 64, 73, 86, 87, 88, 90, 91, 92, 93, 95, 96, 100, 101, 105, 115, 117, 123, 129, 130, 136, 137, 142, 155, 157, 158, 159, 160, 162, 164, 165, 166, 168, 170, 180, 184, 186, 187, 188, 191, 192, 194, 205, 206, 207, 208, 210, 219, 220, 230, 232, 245, 246, 247, 250, 251, 253, 255, 265, 266, 272, 273, 276, 278, 289, 291, 292, 304, 306, 320, 321, 324, 325, 327, 329, 339, 340, 342, 348, 350, 363, 365, 366, 368, 385, 387, 389, 402, 403, 404, 405, 406, 407, 409, 410, 411, 412, 413, 415, 431, 432, 433, 434, 435, 436, 439, 441], "excluded_lines": [], "functions": {"AuthenticationService.__init__": {"executed_lines": [66], "summary": {"covered_lines": 1, "num_statements": 8, "percent_covered": 12.5, "percent_covered_display": "12", "missing_lines": 7, "excluded_lines": 0, "percent_statements_covered": 12.5, "percent_statements_covered_display": "12"}, "missing_lines": [58, 59, 60, 61, 62, 63, 64], "excluded_lines": [], "start_line": 48}, "AuthenticationService._validate_otp_code": {"executed_lines": [103], "summary": {"covered_lines": 1, "num_statements": 12, "percent_covered": 8.333333333333334, "percent_covered_display": "8", "missing_lines": 11, "excluded_lines": 0, "percent_statements_covered": 8.333333333333334, "percent_statements_covered_display": "8"}, "missing_lines": [86, 87, 88, 90, 91, 92, 93, 95, 96, 100, 101], "excluded_lines": [], "start_line": 73}, "AuthenticationService.create_auth_session": {"executed_lines": [], "summary": {"covered_lines": 0, "num_statements": 7, "percent_covered": 0.0, "percent_covered_display": "0", "missing_lines": 7, "excluded_lines": 0, "percent_statements_covered": 0.0, "percent_statements_covered_display": "0"}, "missing_lines": [115, 117, 123, 129, 130, 136, 137], "excluded_lines": [], "start_line": 105}, "AuthenticationService.consume_refresh_token": {"executed_lines": [], "summary": {"covered_lines": 0, "num_statements": 10, "percent_covered": 0.0, "percent_covered_display": "0", "missing_lines": 10, "excluded_lines": 0, "percent_statements_covered": 0.0, "percent_statements_covered_display": "0"}, "missing_lines": [155, 157, 158, 159, 160, 162, 164, 165, 166, 168], "excluded_lines": [], "start_line": 142}, "AuthenticationService.invalidate_refresh_token": {"executed_lines": [182, 183], "summary": {"covered_lines": 2, "num_statements": 9, "percent_covered": 22.22222222222222, "percent_covered_display": "22", "missing_lines": 7, "excluded_lines": 0, "percent_statements_covered": 22.22222222222222, "percent_statements_covered_display": "22"}, "missing_lines": [180, 184, 186, 187, 188, 191, 192], "excluded_lines": [], "start_line": 170}, "AuthenticationService.create_password_reset_token": {"executed_lines": [211], "summary": {"covered_lines": 1, "num_statements": 9, "percent_covered": 11.11111111111111, "percent_covered_display": "11", "missing_lines": 8, "excluded_lines": 0, "percent_statements_covered": 11.11111111111111, "percent_statements_covered_display": "11"}, "missing_lines": [205, 206, 207, 208, 210, 219, 220, 230], "excluded_lines": [], "start_line": 194}, "AuthenticationService.confirm_password_reset": {"executed_lines": [], "summary": {"covered_lines": 0, "num_statements": 6, "percent_covered": 0.0, "percent_covered_display": "0", "missing_lines": 6, "excluded_lines": 0, "percent_statements_covered": 0.0, "percent_statements_covered_display": "0"}, "missing_lines": [245, 246, 247, 250, 251, 253], "excluded_lines": [], "start_line": 232}, "AuthenticationService.create_otp_code": {"executed_lines": [279], "summary": {"covered_lines": 1, "num_statements": 11, "percent_covered": 9.090909090909092, "percent_covered_display": "9", "missing_lines": 10, "excluded_lines": 0, "percent_statements_covered": 9.090909090909092, "percent_statements_covered_display": "9"}, "missing_lines": [265, 266, 272, 273, 276, 278, 289, 291, 292, 304], "excluded_lines": [], "start_line": 255}, "AuthenticationService.consume_otp_code": {"executed_lines": [], "summary": {"covered_lines": 0, "num_statements": 5, "percent_covered": 0.0, "percent_covered_display": "0", "missing_lines": 5, "excluded_lines": 0, "percent_statements_covered": 0.0, "percent_statements_covered_display": "0"}, "missing_lines": [320, 321, 324, 325, 327], "excluded_lines": [], "start_line": 306}, "AuthenticationService.create_mfa_token": {"executed_lines": [], "summary": {"covered_lines": 0, "num_statements": 4, "percent_covered": 0.0, "percent_covered_display": "0", "missing_lines": 4, "excluded_lines": 0, "percent_statements_covered": 0.0, "percent_statements_covered_display": "0"}, "missing_lines": [339, 340, 342, 348], "excluded_lines": [], "start_line": 329}, "AuthenticationService.validate_mfa_token": {"executed_lines": [360], "summary": {"covered_lines": 1, "num_statements": 4, "percent_covered": 25.0, "percent_covered_display": "25", "missing_lines": 3, "excluded_lines": 0, "percent_statements_covered": 25.0, "percent_statements_covered_display": "25"}, "missing_lines": [363, 365, 366], "excluded_lines": [], "start_line": 350}, "AuthenticationService.get_provider_oauth_url": {"executed_lines": [378], "summary": {"covered_lines": 1, "num_statements": 3, "percent_covered": 33.333333333333336, "percent_covered_display": "33", "missing_lines": 2, "excluded_lines": 0, "percent_statements_covered": 33.333333333333336, "percent_statements_covered_display": "33"}, "missing_lines": [385, 387], "excluded_lines": [], "start_line": 368}, "AuthenticationService.get_oauth_provider_user": {"executed_lines": [], "summary": {"covered_lines": 0, "num_statements": 11, "percent_covered": 0.0, "percent_covered_display": "0", "missing_lines": 11, "excluded_lines": 0, "percent_statements_covered": 0.0, "percent_statements_covered_display": "0"}, "missing_lines": [402, 403, 404, 405, 406, 407, 409, 410, 411, 412, 413], "excluded_lines": [], "start_line": 389}, "AuthenticationService.get_oauth_provider_data": {"executed_lines": [], "summary": {"covered_lines": 0, "num_statements": 8, "percent_covered": 0.0, "percent_covered_display": "0", "missing_lines": 8, "excluded_lines": 0, "percent_statements_covered": 0.0, "percent_statements_covered_display": "0"}, "missing_lines": [431, 432, 433, 434, 435, 436, 439, 441], "excluded_lines": [], "start_line": 415}, "": {"executed_lines": [1, 2, 6, 10, 13, 20, 31, 37, 42, 43, 47, 48], "summary": {"covered_lines": 12, "num_statements": 32, "percent_covered": 37.5, "percent_covered_display": "38", "missing_lines": 20, "excluded_lines": 0, "percent_statements_covered": 37.5, "percent_statements_covered_display": "38"}, "missing_lines": [3, 5, 8, 9, 18, 19, 44, 73, 105, 142, 170, 194, 232, 255, 306, 329, 350, 368, 389, 415], "excluded_lines": [], "start_line": 1}}, "classes": {"AuthenticationService": {"executed_lines": [66, 103, 182, 183, 211, 279, 360, 378], "summary": {"covered_lines": 8, "num_statements": 107, "percent_covered": 7.4766355140186915, "percent_covered_display": "7", "missing_lines": 99, "excluded_lines": 0, "percent_statements_covered": 7.4766355140186915, "percent_statements_covered_display": "7"}, "missing_lines": [58, 59, 60, 61, 62, 63, 64, 86, 87, 88, 90, 91, 92, 93, 95, 96, 100, 101, 115, 117, 123, 129, 130, 136, 137, 155, 157, 158, 159, 160, 162, 164, 165, 166, 168, 180, 184, 186, 187, 188, 191, 192, 205, 206, 207, 208, 210, 219, 220, 230, 245, 246, 247, 250, 251, 253, 265, 266, 272, 273, 276, 278, 289, 291, 292, 304, 320, 321, 324, 325, 327, 339, 340, 342, 348, 363, 365, 366, 385, 387, 402, 403, 404, 405, 406, 407, 409, 410, 411, 412, 413, 431, 432, 433, 434, 435, 436, 439, 441], "excluded_lines": [], "start_line": 47}, "": {"executed_lines": [1, 2, 6, 10, 13, 20, 31, 37, 42, 43, 47, 48], "summary": {"covered_lines": 12, "num_statements": 32, "percent_covered": 37.5, "percent_covered_display": "38", "missing_lines": 20, "excluded_lines": 0, "percent_statements_covered": 37.5, "percent_statements_covered_display": "38"}, "missing_lines": [3, 5, 8, 9, 18, 19, 44, 73, 105, 142, 170, 194, 232, 255, 306, 329, 350, 368, 389, 415], "excluded_lines": [], "start_line": 1}}}, "src/apps/authentication/session/controllers/__init__.py": {"executed_lines": [], "summary": {"covered_lines": 0, "num_statements": 0, "percent_covered": 100.0, "percent_covered_display": "100", "missing_lines": 0, "excluded_lines": 0, "percent_statements_covered": 100.0, "percent_statements_covered_display": "100"}, "missing_lines": [], "excluded_lines": [], "functions": {"": {"executed_lines": [], "summary": {"covered_lines": 0, "num_statements": 0, "percent_covered": 100.0, "percent_covered_display": "100", "missing_lines": 0, "excluded_lines": 0, "percent_statements_covered": 100.0, "percent_statements_covered_display": "100"}, "missing_lines": [], "excluded_lines": [], "start_line": 1}}, "classes": {"": {"executed_lines": [], "summary": {"covered_lines": 0, "num_statements": 0, "percent_covered": 100.0, "percent_covered_display": "100", "missing_lines": 0, "excluded_lines": 0, "percent_statements_covered": 100.0, "percent_statements_covered_display": "100"}, "missing_lines": [], "excluded_lines": [], "start_line": 1}}}, "src/apps/authentication/session/controllers/v1/__init__.py": {"executed_lines": [], "summary": {"covered_lines": 0, "num_statements": 0, "percent_covered": 100.0, "percent_covered_display": "100", "missing_lines": 0, "excluded_lines": 0, "percent_statements_covered": 100.0, "percent_statements_covered_display": "100"}, "missing_lines": [], "excluded_lines": [], "functions": {"": {"executed_lines": [], "summary": {"covered_lines": 0, "num_statements": 0, "percent_covered": 100.0, "percent_covered_display": "100", "missing_lines": 0, "excluded_lines": 0, "percent_statements_covered": 100.0, "percent_statements_covered_display": "100"}, "missing_lines": [], "excluded_lines": [], "start_line": 1}}, "classes": {"": {"executed_lines": [], "summary": {"covered_lines": 0, "num_statements": 0, "percent_covered": 100.0, "percent_covered_display": "100", "missing_lines": 0, "excluded_lines": 0, "percent_statements_covered": 100.0, "percent_statements_covered_display": "100"}, "missing_lines": [], "excluded_lines": [], "start_line": 1}}}, "src/apps/authentication/session/controllers/v1/dto/__init__.py": {"executed_lines": [], "summary": {"covered_lines": 0, "num_statements": 0, "percent_covered": 100.0, "percent_covered_display": "100", "missing_lines": 0, "excluded_lines": 0, "percent_statements_covered": 100.0, "percent_statements_covered_display": "100"}, "missing_lines": [], "excluded_lines": [], "functions": {"": {"executed_lines": [], "summary": {"covered_lines": 0, "num_statements": 0, "percent_covered": 100.0, "percent_covered_display": "100", "missing_lines": 0, "excluded_lines": 0, "percent_statements_covered": 100.0, "percent_statements_covered_display": "100"}, "missing_lines": [], "excluded_lines": [], "start_line": 1}}, "classes": {"": {"executed_lines": [], "summary": {"covered_lines": 0, "num_statements": 0, "percent_covered": 100.0, "percent_covered_display": "100", "missing_lines": 0, "excluded_lines": 0, "percent_statements_covered": 100.0, "percent_statements_covered_display": "100"}, "missing_lines": [], "excluded_lines": [], "start_line": 1}}}, "src/apps/authentication/session/controllers/v1/dto/request.py": {"executed_lines": [1, 3, 4, 6, 7, 11, 15, 16, 20, 24, 25, 26, 27, 28, 29, 30], "summary": {"covered_lines": 16, "num_statements": 25, "percent_covered": 64.0, "percent_covered_display": "64", "missing_lines": 9, "excluded_lines": 0, "percent_statements_covered": 64.0, "percent_statements_covered_display": "64"}, "missing_lines": [8, 12, 17, 21, 31, 34, 35, 36, 37], "excluded_lines": [], "functions": {"": {"executed_lines": [1, 3, 4, 6, 7, 11, 15, 16, 20, 24, 25, 26, 27, 28, 29, 30], "summary": {"covered_lines": 16, "num_statements": 25, "percent_covered": 64.0, "percent_covered_display": "64", "missing_lines": 9, "excluded_lines": 0, "percent_statements_covered": 64.0, "percent_statements_covered_display": "64"}, "missing_lines": [8, 12, 17, 21, 31, 34, 35, 36, 37], "excluded_lines": [], "start_line": 1}}, "classes": {"AuthRefreshSessionRequestDTO": {"executed_lines": [], "summary": {"covered_lines": 0, "num_statements": 0, "percent_covered": 100.0, "percent_covered_display": "100", "missing_lines": 0, "excluded_lines": 0, "percent_statements_covered": 100.0, "percent_statements_covered_display": "100"}, "missing_lines": [], "excluded_lines": [], "start_line": 11}, "LoginUserRequestDTO": {"executed_lines": [], "summary": {"covered_lines": 0, "num_statements": 0, "percent_covered": 100.0, "percent_covered_display": "100", "missing_lines": 0, "excluded_lines": 0, "percent_statements_covered": 100.0, "percent_statements_covered_display": "100"}, "missing_lines": [], "excluded_lines": [], "start_line": 15}, "LogoutUserRequestDTO": {"executed_lines": [], "summary": {"covered_lines": 0, "num_statements": 0, "percent_covered": 100.0, "percent_covered_display": "100", "missing_lines": 0, "excluded_lines": 0, "percent_statements_covered": 100.0, "percent_statements_covered_display": "100"}, "missing_lines": [], "excluded_lines": [], "start_line": 20}, "RegisterUserRequestDTO": {"executed_lines": [], "summary": {"covered_lines": 0, "num_statements": 0, "percent_covered": 100.0, "percent_covered_display": "100", "missing_lines": 0, "excluded_lines": 0, "percent_statements_covered": 100.0, "percent_statements_covered_display": "100"}, "missing_lines": [], "excluded_lines": [], "start_line": 24}, "OAuthLoginRequestDTO": {"executed_lines": [], "summary": {"covered_lines": 0, "num_statements": 0, "percent_covered": 100.0, "percent_covered_display": "100", "missing_lines": 0, "excluded_lines": 0, "percent_statements_covered": 100.0, "percent_statements_covered_display": "100"}, "missing_lines": [], "excluded_lines": [], "start_line": 34}, "": {"executed_lines": [1, 3, 4, 6, 7, 11, 15, 16, 20, 24, 25, 26, 27, 28, 29, 30], "summary": {"covered_lines": 16, "num_statements": 25, "percent_covered": 64.0, "percent_covered_display": "64", "missing_lines": 9, "excluded_lines": 0, "percent_statements_covered": 64.0, "percent_statements_covered_display": "64"}, "missing_lines": [8, 12, 17, 21, 31, 34, 35, 36, 37], "excluded_lines": [], "start_line": 1}}}, "src/apps/authentication/session/controllers/v1/dto/response.py": {"executed_lines": [1, 4, 5, 6, 9, 10, 11, 12, 15, 16, 17, 18, 19, 21, 22, 33, 34, 35, 39], "summary": {"covered_lines": 19, "num_statements": 22, "percent_covered": 86.36363636363636, "percent_covered_display": "86", "missing_lines": 3, "excluded_lines": 0, "percent_statements_covered": 86.36363636363636, "percent_statements_covered_display": "86"}, "missing_lines": [24, 36, 40], "excluded_lines": [], "functions": {"RegisterUserResponseDTO.from_model": {"executed_lines": [], "summary": {"covered_lines": 0, "num_statements": 1, "percent_covered": 0.0, "percent_covered_display": "0", "missing_lines": 1, "excluded_lines": 0, "percent_statements_covered": 0.0, "percent_statements_covered_display": "0"}, "missing_lines": [24], "excluded_lines": [], "start_line": 22}, "": {"executed_lines": [1, 4, 5, 6, 9, 10, 11, 12, 15, 16, 17, 18, 19, 21, 22, 33, 34, 35, 39], "summary": {"covered_lines": 19, "num_statements": 21, "percent_covered": 90.47619047619048, "percent_covered_display": "90", "missing_lines": 2, "excluded_lines": 0, "percent_statements_covered": 90.47619047619048, "percent_statements_covered_display": "90"}, "missing_lines": [36, 40], "excluded_lines": [], "start_line": 1}}, "classes": {"AuthTokensResponseDTO": {"executed_lines": [], "summary": {"covered_lines": 0, "num_statements": 0, "percent_covered": 100.0, "percent_covered_display": "100", "missing_lines": 0, "excluded_lines": 0, "percent_statements_covered": 100.0, "percent_statements_covered_display": "100"}, "missing_lines": [], "excluded_lines": [], "start_line": 4}, "AuthInfoResponseDTO": {"executed_lines": [], "summary": {"covered_lines": 0, "num_statements": 0, "percent_covered": 100.0, "percent_covered_display": "100", "missing_lines": 0, "excluded_lines": 0, "percent_statements_covered": 100.0, "percent_statements_covered_display": "100"}, "missing_lines": [], "excluded_lines": [], "start_line": 9}, "RegisterUserResponseDTO": {"executed_lines": [], "summary": {"covered_lines": 0, "num_statements": 1, "percent_covered": 0.0, "percent_covered_display": "0", "missing_lines": 1, "excluded_lines": 0, "percent_statements_covered": 0.0, "percent_statements_covered_display": "0"}, "missing_lines": [24], "excluded_lines": [], "start_line": 15}, "LoginUserResponseDTO": {"executed_lines": [], "summary": {"covered_lines": 0, "num_statements": 0, "percent_covered": 100.0, "percent_covered_display": "100", "missing_lines": 0, "excluded_lines": 0, "percent_statements_covered": 100.0, "percent_statements_covered_display": "100"}, "missing_lines": [], "excluded_lines": [], "start_line": 33}, "LogoutUserResponseDTO": {"executed_lines": [], "summary": {"covered_lines": 0, "num_statements": 0, "percent_covered": 100.0, "percent_covered_display": "100", "missing_lines": 0, "excluded_lines": 0, "percent_statements_covered": 100.0, "percent_statements_covered_display": "100"}, "missing_lines": [], "excluded_lines": [], "start_line": 39}, "": {"executed_lines": [1, 4, 5, 6, 9, 10, 11, 12, 15, 16, 17, 18, 19, 21, 22, 33, 34, 35, 39], "summary": {"covered_lines": 19, "num_statements": 21, "percent_covered": 90.47619047619048, "percent_covered_display": "90", "missing_lines": 2, "excluded_lines": 0, "percent_statements_covered": 90.47619047619048, "percent_statements_covered_display": "90"}, "missing_lines": [36, 40], "excluded_lines": [], "start_line": 1}}}, "src/apps/authentication/session/controllers/v1/http/__init__.py": {"executed_lines": [], "summary": {"covered_lines": 0, "num_statements": 0, "percent_covered": 100.0, "percent_covered_display": "100", "missing_lines": 0, "excluded_lines": 0, "percent_statements_covered": 100.0, "percent_statements_covered_display": "100"}, "missing_lines": [], "excluded_lines": [], "functions": {"": {"executed_lines": [], "summary": {"covered_lines": 0, "num_statements": 0, "percent_covered": 100.0, "percent_covered_display": "100", "missing_lines": 0, "excluded_lines": 0, "percent_statements_covered": 100.0, "percent_statements_covered_display": "100"}, "missing_lines": [], "excluded_lines": [], "start_line": 1}}, "classes": {"": {"executed_lines": [], "summary": {"covered_lines": 0, "num_statements": 0, "percent_covered": 100.0, "percent_covered_display": "100", "missing_lines": 0, "excluded_lines": 0, "percent_statements_covered": 100.0, "percent_statements_covered_display": "100"}, "missing_lines": [], "excluded_lines": [], "start_line": 1}}}, "src/apps/authentication/session/controllers/v1/http/router.py": {"executed_lines": [1, 2, 3, 4, 7, 10, 11, 18, 26, 32, 33, 34, 35, 37, 39, 45, 51, 52, 61, 68, 74, 75, 96, 105, 112, 113, 136, 142, 154, 158, 161], "summary": {"covered_lines": 31, "num_statements": 55, "percent_covered": 56.36363636363637, "percent_covered_display": "56", "missing_lines": 24, "excluded_lines": 0, "percent_statements_covered": 56.36363636363637, "percent_statements_covered_display": "56"}, "missing_lines": [5, 25, 36, 57, 60, 81, 91, 92, 119, 121, 127, 132, 148, 149, 167, 168, 173, 177, 181, 187, 193, 194, 199, 200], "excluded_lines": [], "functions": {"get_auth_info": {"executed_lines": [61], "summary": {"covered_lines": 1, "num_statements": 3, "percent_covered": 33.333333333333336, "percent_covered_display": "33", "missing_lines": 2, "excluded_lines": 0, "percent_statements_covered": 33.333333333333336, "percent_statements_covered_display": "33"}, "missing_lines": [57, 60], "excluded_lines": [], "start_line": 52}, "signup": {"executed_lines": [96], "summary": {"covered_lines": 1, "num_statements": 4, "percent_covered": 25.0, "percent_covered_display": "25", "missing_lines": 3, "excluded_lines": 0, "percent_statements_covered": 25.0, "percent_statements_covered_display": "25"}, "missing_lines": [81, 91, 92], "excluded_lines": [], "start_line": 75}, "login_user": {"executed_lines": [136], "summary": {"covered_lines": 1, "num_statements": 5, "percent_covered": 20.0, "percent_covered_display": "20", "missing_lines": 4, "excluded_lines": 0, "percent_statements_covered": 20.0, "percent_statements_covered_display": "20"}, "missing_lines": [119, 121, 127, 132], "excluded_lines": [], "start_line": 113}, "logout_user": {"executed_lines": [154, 158], "summary": {"covered_lines": 2, "num_statements": 2, "percent_covered": 100.0, "percent_covered_display": "100", "missing_lines": 0, "excluded_lines": 0, "percent_statements_covered": 100.0, "percent_statements_covered_display": "100"}, "missing_lines": [], "excluded_lines": [], "start_line": 149}, "refresh_session": {"executed_lines": [], "summary": {"covered_lines": 0, "num_statements": 3, "percent_covered": 0.0, "percent_covered_display": "0", "missing_lines": 3, "excluded_lines": 0, "percent_statements_covered": 0.0, "percent_statements_covered_display": "0"}, "missing_lines": [173, 177, 181], "excluded_lines": [], "start_line": 168}, "oauth_login": {"executed_lines": [], "summary": {"covered_lines": 0, "num_statements": 2, "percent_covered": 0.0, "percent_covered_display": "0", "missing_lines": 2, "excluded_lines": 0, "percent_statements_covered": 0.0, "percent_statements_covered_display": "0"}, "missing_lines": [199, 200], "excluded_lines": [], "start_line": 194}, "": {"executed_lines": [1, 2, 3, 4, 7, 10, 11, 18, 26, 32, 33, 34, 35, 37, 39, 45, 51, 52, 68, 74, 75, 105, 112, 113, 142, 161], "summary": {"covered_lines": 26, "num_statements": 36, "percent_covered": 72.22222222222223, "percent_covered_display": "72", "missing_lines": 10, "excluded_lines": 0, "percent_statements_covered": 72.22222222222223, "percent_statements_covered_display": "72"}, "missing_lines": [5, 25, 36, 148, 149, 167, 168, 187, 193, 194], "excluded_lines": [], "start_line": 1}}, "classes": {"": {"executed_lines": [1, 2, 3, 4, 7, 10, 11, 18, 26, 32, 33, 34, 35, 37, 39, 45, 51, 52, 61, 68, 74, 75, 96, 105, 112, 113, 136, 142, 154, 158, 161], "summary": {"covered_lines": 31, "num_statements": 55, "percent_covered": 56.36363636363637, "percent_covered_display": "56", "missing_lines": 24, "excluded_lines": 0, "percent_statements_covered": 56.36363636363637, "percent_statements_covered_display": "56"}, "missing_lines": [5, 25, 36, 57, 60, 81, 91, 92, 119, 121, 127, 132, 148, 149, 167, 168, 173, 177, 181, 187, 193, 194, 199, 200], "excluded_lines": [], "start_line": 1}}}, "src/apps/authentication/session/domain/__init__.py": {"executed_lines": [], "summary": {"covered_lines": 0, "num_statements": 0, "percent_covered": 100.0, "percent_covered_display": "100", "missing_lines": 0, "excluded_lines": 0, "percent_statements_covered": 100.0, "percent_statements_covered_display": "100"}, "missing_lines": [], "excluded_lines": [], "functions": {"": {"executed_lines": [], "summary": {"covered_lines": 0, "num_statements": 0, "percent_covered": 100.0, "percent_covered_display": "100", "missing_lines": 0, "excluded_lines": 0, "percent_statements_covered": 100.0, "percent_statements_covered_display": "100"}, "missing_lines": [], "excluded_lines": [], "start_line": 1}}, "classes": {"": {"executed_lines": [], "summary": {"covered_lines": 0, "num_statements": 0, "percent_covered": 100.0, "percent_covered_display": "100", "missing_lines": 0, "excluded_lines": 0, "percent_statements_covered": 100.0, "percent_statements_covered_display": "100"}, "missing_lines": [], "excluded_lines": [], "start_line": 1}}}, "src/apps/authentication/session/domain/commands.py": {"executed_lines": [1, 3, 5, 6, 9, 10, 13, 14, 17, 18, 21, 22, 25, 26, 27, 30, 31, 32, 33, 36, 37, 38, 41, 42, 45, 46, 49, 50, 51], "summary": {"covered_lines": 29, "num_statements": 29, "percent_covered": 100.0, "percent_covered_display": "100", "missing_lines": 0, "excluded_lines": 0, "percent_statements_covered": 100.0, "percent_statements_covered_display": "100"}, "missing_lines": [], "excluded_lines": [], "functions": {"": {"executed_lines": [1, 3, 5, 6, 9, 10, 13, 14, 17, 18, 21, 22, 25, 26, 27, 30, 31, 32, 33, 36, 37, 38, 41, 42, 45, 46, 49, 50, 51], "summary": {"covered_lines": 29, "num_statements": 29, "percent_covered": 100.0, "percent_covered_display": "100", "missing_lines": 0, "excluded_lines": 0, "percent_statements_covered": 100.0, "percent_statements_covered_display": "100"}, "missing_lines": [], "excluded_lines": [], "start_line": 1}}, "classes": {"CreateAuthSessionCommand": {"executed_lines": [], "summary": {"covered_lines": 0, "num_statements": 0, "percent_covered": 100.0, "percent_covered_display": "100", "missing_lines": 0, "excluded_lines": 0, "percent_statements_covered": 100.0, "percent_statements_covered_display": "100"}, "missing_lines": [], "excluded_lines": [], "start_line": 9}, "ConsumeRefreshTokenCommand": {"executed_lines": [], "summary": {"covered_lines": 0, "num_statements": 0, "percent_covered": 100.0, "percent_covered_display": "100", "missing_lines": 0, "excluded_lines": 0, "percent_statements_covered": 100.0, "percent_statements_covered_display": "100"}, "missing_lines": [], "excluded_lines": [], "start_line": 13}, "InvalidateRefreshTokenCommand": {"executed_lines": [], "summary": {"covered_lines": 0, "num_statements": 0, "percent_covered": 100.0, "percent_covered_display": "100", "missing_lines": 0, "excluded_lines": 0, "percent_statements_covered": 100.0, "percent_statements_covered_display": "100"}, "missing_lines": [], "excluded_lines": [], "start_line": 17}, "CreatePasswordResetTokenCommand": {"executed_lines": [], "summary": {"covered_lines": 0, "num_statements": 0, "percent_covered": 100.0, "percent_covered_display": "100", "missing_lines": 0, "excluded_lines": 0, "percent_statements_covered": 100.0, "percent_statements_covered_display": "100"}, "missing_lines": [], "excluded_lines": [], "start_line": 21}, "ConfirmPasswordResetCommand": {"executed_lines": [], "summary": {"covered_lines": 0, "num_statements": 0, "percent_covered": 100.0, "percent_covered_display": "100", "missing_lines": 0, "excluded_lines": 0, "percent_statements_covered": 100.0, "percent_statements_covered_display": "100"}, "missing_lines": [], "excluded_lines": [], "start_line": 25}, "CreateOTPCodeCommand": {"executed_lines": [], "summary": {"covered_lines": 0, "num_statements": 0, "percent_covered": 100.0, "percent_covered_display": "100", "missing_lines": 0, "excluded_lines": 0, "percent_statements_covered": 100.0, "percent_statements_covered_display": "100"}, "missing_lines": [], "excluded_lines": [], "start_line": 30}, "ConsumeOTPCodeCommand": {"executed_lines": [], "summary": {"covered_lines": 0, "num_statements": 0, "percent_covered": 100.0, "percent_covered_display": "100", "missing_lines": 0, "excluded_lines": 0, "percent_statements_covered": 100.0, "percent_statements_covered_display": "100"}, "missing_lines": [], "excluded_lines": [], "start_line": 36}, "CreateMFATokenCommand": {"executed_lines": [], "summary": {"covered_lines": 0, "num_statements": 0, "percent_covered": 100.0, "percent_covered_display": "100", "missing_lines": 0, "excluded_lines": 0, "percent_statements_covered": 100.0, "percent_statements_covered_display": "100"}, "missing_lines": [], "excluded_lines": [], "start_line": 41}, "ValidateMFATokenCommand": {"executed_lines": [], "summary": {"covered_lines": 0, "num_statements": 0, "percent_covered": 100.0, "percent_covered_display": "100", "missing_lines": 0, "excluded_lines": 0, "percent_statements_covered": 100.0, "percent_statements_covered_display": "100"}, "missing_lines": [], "excluded_lines": [], "start_line": 45}, "LoginUserCommand": {"executed_lines": [], "summary": {"covered_lines": 0, "num_statements": 0, "percent_covered": 100.0, "percent_covered_display": "100", "missing_lines": 0, "excluded_lines": 0, "percent_statements_covered": 100.0, "percent_statements_covered_display": "100"}, "missing_lines": [], "excluded_lines": [], "start_line": 49}, "": {"executed_lines": [1, 3, 5, 6, 9, 10, 13, 14, 17, 18, 21, 22, 25, 26, 27, 30, 31, 32, 33, 36, 37, 38, 41, 42, 45, 46, 49, 50, 51], "summary": {"covered_lines": 29, "num_statements": 29, "percent_covered": 100.0, "percent_covered_display": "100", "missing_lines": 0, "excluded_lines": 0, "percent_statements_covered": 100.0, "percent_statements_covered_display": "100"}, "missing_lines": [], "excluded_lines": [], "start_line": 1}}}, "src/apps/authentication/session/domain/enums.py": {"executed_lines": [1, 4, 5, 6, 7, 10, 11, 12, 13, 16, 17, 18, 19, 20], "summary": {"covered_lines": 14, "num_statements": 19, "percent_covered": 73.6842105263158, "percent_covered_display": "74", "missing_lines": 5, "excluded_lines": 0, "percent_statements_covered": 73.6842105263158, "percent_statements_covered_display": "74"}, "missing_lines": [23, 24, 25, 26, 27], "excluded_lines": [], "functions": {"": {"executed_lines": [1, 4, 5, 6, 7, 10, 11, 12, 13, 16, 17, 18, 19, 20], "summary": {"covered_lines": 14, "num_statements": 19, "percent_covered": 73.6842105263158, "percent_covered_display": "74", "missing_lines": 5, "excluded_lines": 0, "percent_statements_covered": 73.6842105263158, "percent_statements_covered_display": "74"}, "missing_lines": [23, 24, 25, 26, 27], "excluded_lines": [], "start_line": 1}}, "classes": {"AuthTokenTypeEnum": {"executed_lines": [], "summary": {"covered_lines": 0, "num_statements": 0, "percent_covered": 100.0, "percent_covered_display": "100", "missing_lines": 0, "excluded_lines": 0, "percent_statements_covered": 100.0, "percent_statements_covered_display": "100"}, "missing_lines": [], "excluded_lines": [], "start_line": 4}, "PasswordResetTokenStatusEnum": {"executed_lines": [], "summary": {"covered_lines": 0, "num_statements": 0, "percent_covered": 100.0, "percent_covered_display": "100", "missing_lines": 0, "excluded_lines": 0, "percent_statements_covered": 100.0, "percent_statements_covered_display": "100"}, "missing_lines": [], "excluded_lines": [], "start_line": 10}, "OTPStatusEnum": {"executed_lines": [], "summary": {"covered_lines": 0, "num_statements": 0, "percent_covered": 100.0, "percent_covered_display": "100", "missing_lines": 0, "excluded_lines": 0, "percent_statements_covered": 100.0, "percent_statements_covered_display": "100"}, "missing_lines": [], "excluded_lines": [], "start_line": 16}, "OAuthProviderEnum": {"executed_lines": [], "summary": {"covered_lines": 0, "num_statements": 0, "percent_covered": 100.0, "percent_covered_display": "100", "missing_lines": 0, "excluded_lines": 0, "percent_statements_covered": 100.0, "percent_statements_covered_display": "100"}, "missing_lines": [], "excluded_lines": [], "start_line": 23}, "": {"executed_lines": [1, 4, 5, 6, 7, 10, 11, 12, 13, 16, 17, 18, 19, 20], "summary": {"covered_lines": 14, "num_statements": 19, "percent_covered": 73.6842105263158, "percent_covered_display": "74", "missing_lines": 5, "excluded_lines": 0, "percent_statements_covered": 73.6842105263158, "percent_statements_covered_display": "74"}, "missing_lines": [23, 24, 25, 26, 27], "excluded_lines": [], "start_line": 1}}}, "src/apps/authentication/session/domain/models.py": {"executed_lines": [1, 2, 4, 5, 6, 7, 9, 13, 14, 17, 20, 23, 26, 28, 29, 33, 34, 37, 45, 46, 47, 48, 49, 63, 68, 69, 70, 80, 82, 85, 91, 95, 104, 107, 108, 118], "summary": {"covered_lines": 36, "num_statements": 50, "percent_covered": 72.0, "percent_covered_display": "72", "missing_lines": 14, "excluded_lines": 0, "percent_statements_covered": 72.0, "percent_statements_covered_display": "72"}, "missing_lines": [35, 44, 50, 52, 54, 57, 60, 62, 67, 88, 90, 105, 106, 120], "excluded_lines": [], "functions": {"AuthSession.__init__": {"executed_lines": [45, 46, 47, 48, 49], "summary": {"covered_lines": 5, "num_statements": 7, "percent_covered": 71.42857142857143, "percent_covered_display": "71", "missing_lines": 2, "excluded_lines": 0, "percent_statements_covered": 71.42857142857143, "percent_statements_covered_display": "71"}, "missing_lines": [44, 50], "excluded_lines": [], "start_line": 37}, "AuthSession.__hash__": {"executed_lines": [], "summary": {"covered_lines": 0, "num_statements": 1, "percent_covered": 0.0, "percent_covered_display": "0", "missing_lines": 1, "excluded_lines": 0, "percent_statements_covered": 0.0, "percent_statements_covered_display": "0"}, "missing_lines": [54], "excluded_lines": [], "start_line": 52}, "PasswordResetToken.__hash__": {"executed_lines": [82], "summary": {"covered_lines": 1, "num_statements": 1, "percent_covered": 100.0, "percent_covered_display": "100", "missing_lines": 0, "excluded_lines": 0, "percent_statements_covered": 100.0, "percent_statements_covered_display": "100"}, "missing_lines": [], "excluded_lines": [], "start_line": 80}, "OTPCode.__hash__": {"executed_lines": [], "summary": {"covered_lines": 0, "num_statements": 1, "percent_covered": 0.0, "percent_covered_display": "0", "missing_lines": 1, "excluded_lines": 0, "percent_statements_covered": 0.0, "percent_statements_covered_display": "0"}, "missing_lines": [120], "excluded_lines": [], "start_line": 118}, "": {"executed_lines": [1, 2, 4, 5, 6, 7, 9, 13, 14, 17, 20, 23, 26, 28, 29, 33, 34, 37, 63, 68, 69, 70, 80, 85, 91, 95, 104, 107, 108, 118], "summary": {"covered_lines": 30, "num_statements": 40, "percent_covered": 75.0, "percent_covered_display": "75", "missing_lines": 10, "excluded_lines": 0, "percent_statements_covered": 75.0, "percent_statements_covered_display": "75"}, "missing_lines": [35, 52, 57, 60, 62, 67, 88, 90, 105, 106], "excluded_lines": [], "start_line": 1}}, "classes": {"AuthenticationBase": {"executed_lines": [], "summary": {"covered_lines": 0, "num_statements": 0, "percent_covered": 100.0, "percent_covered_display": "100", "missing_lines": 0, "excluded_lines": 0, "percent_statements_covered": 100.0, "percent_statements_covered_display": "100"}, "missing_lines": [], "excluded_lines": [], "start_line": 17}, "AuthSession": {"executed_lines": [45, 46, 47, 48, 49], "summary": {"covered_lines": 5, "num_statements": 8, "percent_covered": 62.5, "percent_covered_display": "62", "missing_lines": 3, "excluded_lines": 0, "percent_statements_covered": 62.5, "percent_statements_covered_display": "62"}, "missing_lines": [44, 50, 54], "excluded_lines": [], "start_line": 23}, "PasswordResetToken": {"executed_lines": [82], "summary": {"covered_lines": 1, "num_statements": 1, "percent_covered": 100.0, "percent_covered_display": "100", "missing_lines": 0, "excluded_lines": 0, "percent_statements_covered": 100.0, "percent_statements_covered_display": "100"}, "missing_lines": [], "excluded_lines": [], "start_line": 57}, "OTPCode": {"executed_lines": [], "summary": {"covered_lines": 0, "num_statements": 1, "percent_covered": 0.0, "percent_covered_display": "0", "missing_lines": 1, "excluded_lines": 0, "percent_statements_covered": 0.0, "percent_statements_covered_display": "0"}, "missing_lines": [120], "excluded_lines": [], "start_line": 85}, "": {"executed_lines": [1, 2, 4, 5, 6, 7, 9, 13, 14, 17, 20, 23, 26, 28, 29, 33, 34, 37, 63, 68, 69, 70, 80, 85, 91, 95, 104, 107, 108, 118], "summary": {"covered_lines": 30, "num_statements": 40, "percent_covered": 75.0, "percent_covered_display": "75", "missing_lines": 10, "excluded_lines": 0, "percent_statements_covered": 75.0, "percent_statements_covered_display": "75"}, "missing_lines": [35, 52, 57, 60, 62, 67, 88, 90, 105, 106], "excluded_lines": [], "start_line": 1}}}, "src/apps/authentication/session/domain/results.py": {"executed_lines": [1, 2, 3, 5, 7, 11, 12, 15, 16, 17, 18, 19, 20, 23, 24, 25, 28, 29, 34, 37, 38, 39, 40, 45, 46, 47, 48, 49, 50, 51, 54, 55, 58, 59, 60, 63, 64, 68, 69], "summary": {"covered_lines": 39, "num_statements": 60, "percent_covered": 65.0, "percent_covered_display": "65", "missing_lines": 21, "excluded_lines": 0, "percent_statements_covered": 65.0, "percent_statements_covered_display": "65"}, "missing_lines": [26, 27, 32, 33, 43, 44, 56, 57, 61, 62, 67, 72, 73, 74, 75, 77, 78, 88, 93, 94, 96], "excluded_lines": [], "functions": {"AuthInfo.from_model": {"executed_lines": [], "summary": {"covered_lines": 0, "num_statements": 1, "percent_covered": 0.0, "percent_covered_display": "0", "missing_lines": 1, "excluded_lines": 0, "percent_statements_covered": 0.0, "percent_statements_covered_display": "0"}, "missing_lines": [88], "excluded_lines": [], "start_line": 78}, "AuthInfo.is_mfa_enabled": {"executed_lines": [], "summary": {"covered_lines": 0, "num_statements": 1, "percent_covered": 0.0, "percent_covered_display": "0", "missing_lines": 1, "excluded_lines": 0, "percent_statements_covered": 0.0, "percent_statements_covered_display": "0"}, "missing_lines": [96], "excluded_lines": [], "start_line": 94}, "": {"executed_lines": [1, 2, 3, 5, 7, 11, 12, 15, 16, 17, 18, 19, 20, 23, 24, 25, 28, 29, 34, 37, 38, 39, 40, 45, 46, 47, 48, 49, 50, 51, 54, 55, 58, 59, 60, 63, 64, 68, 69], "summary": {"covered_lines": 39, "num_statements": 58, "percent_covered": 67.24137931034483, "percent_covered_display": "67", "missing_lines": 19, "excluded_lines": 0, "percent_statements_covered": 67.24137931034483, "percent_statements_covered_display": "67"}, "missing_lines": [26, 27, 32, 33, 43, 44, 56, 57, 61, 62, 67, 72, 73, 74, 75, 77, 78, 93, 94], "excluded_lines": [], "start_line": 1}}, "classes": {"OAuthProviderUser": {"executed_lines": [], "summary": {"covered_lines": 0, "num_statements": 0, "percent_covered": 100.0, "percent_covered_display": "100", "missing_lines": 0, "excluded_lines": 0, "percent_statements_covered": 100.0, "percent_statements_covered_display": "100"}, "missing_lines": [], "excluded_lines": [], "start_line": 16}, "OAuthProviderData": {"executed_lines": [], "summary": {"covered_lines": 0, "num_statements": 0, "percent_covered": 100.0, "percent_covered_display": "100", "missing_lines": 0, "excluded_lines": 0, "percent_statements_covered": 100.0, "percent_statements_covered_display": "100"}, "missing_lines": [], "excluded_lines": [], "start_line": 24}, "UserID": {"executed_lines": [], "summary": {"covered_lines": 0, "num_statements": 0, "percent_covered": 100.0, "percent_covered_display": "100", "missing_lines": 0, "excluded_lines": 0, "percent_statements_covered": 100.0, "percent_statements_covered_display": "100"}, "missing_lines": [], "excluded_lines": [], "start_line": 33}, "AuthTokens": {"executed_lines": [], "summary": {"covered_lines": 0, "num_statements": 0, "percent_covered": 100.0, "percent_covered_display": "100", "missing_lines": 0, "excluded_lines": 0, "percent_statements_covered": 100.0, "percent_statements_covered_display": "100"}, "missing_lines": [], "excluded_lines": [], "start_line": 38}, "PasswordResetTokenInfo": {"executed_lines": [], "summary": {"covered_lines": 0, "num_statements": 0, "percent_covered": 100.0, "percent_covered_display": "100", "missing_lines": 0, "excluded_lines": 0, "percent_statements_covered": 100.0, "percent_statements_covered_display": "100"}, "missing_lines": [], "excluded_lines": [], "start_line": 44}, "OTPCodeInfo": {"executed_lines": [], "summary": {"covered_lines": 0, "num_statements": 0, "percent_covered": 100.0, "percent_covered_display": "100", "missing_lines": 0, "excluded_lines": 0, "percent_statements_covered": 100.0, "percent_statements_covered_display": "100"}, "missing_lines": [], "excluded_lines": [], "start_line": 55}, "MFAToken": {"executed_lines": [], "summary": {"covered_lines": 0, "num_statements": 0, "percent_covered": 100.0, "percent_covered_display": "100", "missing_lines": 0, "excluded_lines": 0, "percent_statements_covered": 100.0, "percent_statements_covered_display": "100"}, "missing_lines": [], "excluded_lines": [], "start_line": 68}, "AuthInfo": {"executed_lines": [], "summary": {"covered_lines": 0, "num_statements": 2, "percent_covered": 0.0, "percent_covered_display": "0", "missing_lines": 2, "excluded_lines": 0, "percent_statements_covered": 0.0, "percent_statements_covered_display": "0"}, "missing_l
[...]
covered": 35.714285714285715, "percent_covered_display": "36", "missing_lines": 9, "excluded_lines": 0, "percent_statements_covered": 35.714285714285715, "percent_statements_covered_display": "36"}, "missing_lines": [157, 159, 161, 165, 169, 171, 172, 173, 175], "excluded_lines": [], "start_line": 144}, "SecurityAdapter.generate_urlsafe_token": {"executed_lines": [], "summary": {"covered_lines": 0, "num_statements": 1, "percent_covered": 0.0, "percent_covered_display": "0", "missing_lines": 1, "excluded_lines": 0, "percent_statements_covered": 0.0, "percent_statements_covered_display": "0"}, "missing_lines": [189], "excluded_lines": [], "start_line": 177}, "SecurityAdapter.generate_otp_code": {"executed_lines": [], "summary": {"covered_lines": 0, "num_statements": 1, "percent_covered": 0.0, "percent_covered_display": "0", "missing_lines": 1, "excluded_lines": 0, "percent_statements_covered": 0.0, "percent_statements_covered_display": "0"}, "missing_lines": [200], "excluded_lines": [], "start_line": 191}, "SecurityAdapter.hash_string": {"executed_lines": [], "summary": {"covered_lines": 0, "num_statements": 1, "percent_covered": 0.0, "percent_covered_display": "0", "missing_lines": 1, "excluded_lines": 0, "percent_statements_covered": 0.0, "percent_statements_covered_display": "0"}, "missing_lines": [212], "excluded_lines": [], "start_line": 202}, "SecurityAdapter.verify_hashed_string": {"executed_lines": [], "summary": {"covered_lines": 0, "num_statements": 2, "percent_covered": 0.0, "percent_covered_display": "0", "missing_lines": 2, "excluded_lines": 0, "percent_statements_covered": 0.0, "percent_statements_covered_display": "0"}, "missing_lines": [225, 226], "excluded_lines": [], "start_line": 214}, "": {"executed_lines": [1, 2, 3, 4, 5, 6, 8, 9, 10, 11, 13, 14, 15, 16, 23, 24, 34, 50, 74, 144], "summary": {"covered_lines": 20, "num_statements": 25, "percent_covered": 80.0, "percent_covered_display": "80", "missing_lines": 5, "excluded_lines": 0, "percent_statements_covered": 80.0, "percent_statements_covered_display": "80"}, "missing_lines": [111, 177, 191, 202, 214], "excluded_lines": [], "start_line": 1}}, "classes": {"SecurityAdapter": {"executed_lines": [25, 26, 28, 45, 46, 48, 64, 65, 66, 67, 68, 69, 70, 72, 93, 101, 102, 109, 130, 135, 136, 140, 142, 160, 163, 164, 167, 168], "summary": {"covered_lines": 28, "num_statements": 46, "percent_covered": 60.869565217391305, "percent_covered_display": "61", "missing_lines": 18, "excluded_lines": 0, "percent_statements_covered": 60.869565217391305, "percent_statements_covered_display": "61"}, "missing_lines": [62, 63, 128, 129, 157, 159, 161, 165, 169, 171, 172, 173, 175, 189, 200, 212, 225, 226], "excluded_lines": [], "start_line": 23}, "": {"executed_lines": [1, 2, 3, 4, 5, 6, 8, 9, 10, 11, 13, 14, 15, 16, 23, 24, 34, 50, 74, 144], "summary": {"covered_lines": 20, "num_statements": 25, "percent_covered": 80.0, "percent_covered_display": "80", "missing_lines": 5, "excluded_lines": 0, "percent_statements_covered": 80.0, "percent_statements_covered_display": "80"}, "missing_lines": [111, 177, 191, 202, 214], "excluded_lines": [], "start_line": 1}}}, "src/infrastructure/security/exceptions.py": {"executed_lines": [1, 6, 9, 13, 16, 20, 23, 27, 30], "summary": {"covered_lines": 9, "num_statements": 14, "percent_covered": 64.28571428571429, "percent_covered_display": "64", "missing_lines": 5, "excluded_lines": 0, "percent_statements_covered": 64.28571428571429, "percent_statements_covered_display": "64"}, "missing_lines": [3, 10, 17, 24, 31], "excluded_lines": [], "functions": {"": {"executed_lines": [1, 6, 9, 13, 16, 20, 23, 27, 30], "summary": {"covered_lines": 9, "num_statements": 14, "percent_covered": 64.28571428571429, "percent_covered_display": "64", "missing_lines": 5, "excluded_lines": 0, "percent_statements_covered": 64.28571428571429, "percent_statements_covered_display": "64"}, "missing_lines": [3, 10, 17, 24, 31], "excluded_lines": [], "start_line": 1}}, "classes": {"InvalidTokenError": {"executed_lines": [], "summary": {"covered_lines": 0, "num_statements": 0, "percent_covered": 100.0, "percent_covered_display": "100", "missing_lines": 0, "excluded_lines": 0, "percent_statements_covered": 100.0, "percent_statements_covered_display": "100"}, "missing_lines": [], "excluded_lines": [], "start_line": 6}, "InvalidTokenTypeError": {"executed_lines": [], "summary": {"covered_lines": 0, "num_statements": 0, "percent_covered": 100.0, "percent_covered_display": "100", "missing_lines": 0, "excluded_lines": 0, "percent_statements_covered": 100.0, "percent_statements_covered_display": "100"}, "missing_lines": [], "excluded_lines": [], "start_line": 13}, "ExpiredTokenError": {"executed_lines": [], "summary": {"covered_lines": 0, "num_statements": 0, "percent_covered": 100.0, "percent_covered_display": "100", "missing_lines": 0, "excluded_lines": 0, "percent_statements_covered": 100.0, "percent_statements_covered_display": "100"}, "missing_lines": [], "excluded_lines": [], "start_line": 20}, "TokenIsMissingError": {"executed_lines": [], "summary": {"covered_lines": 0, "num_statements": 0, "percent_covered": 100.0, "percent_covered_display": "100", "missing_lines": 0, "excluded_lines": 0, "percent_statements_covered": 100.0, "percent_statements_covered_display": "100"}, "missing_lines": [], "excluded_lines": [], "start_line": 27}, "": {"executed_lines": [1, 6, 9, 13, 16, 20, 23, 27, 30], "summary": {"covered_lines": 9, "num_statements": 14, "percent_covered": 64.28571428571429, "percent_covered_display": "64", "missing_lines": 5, "excluded_lines": 0, "percent_statements_covered": 64.28571428571429, "percent_statements_covered_display": "64"}, "missing_lines": [3, 10, 17, 24, 31], "excluded_lines": [], "start_line": 1}}}, "src/infrastructure/tasks/__init__.py": {"executed_lines": [], "summary": {"covered_lines": 0, "num_statements": 0, "percent_covered": 100.0, "percent_covered_display": "100", "missing_lines": 0, "excluded_lines": 0, "percent_statements_covered": 100.0, "percent_statements_covered_display": "100"}, "missing_lines": [], "excluded_lines": [], "functions": {"": {"executed_lines": [], "summary": {"covered_lines": 0, "num_statements": 0, "percent_covered": 100.0, "percent_covered_display": "100", "missing_lines": 0, "excluded_lines": 0, "percent_statements_covered": 100.0, "percent_statements_covered_display": "100"}, "missing_lines": [], "excluded_lines": [], "start_line": 1}}, "classes": {"": {"executed_lines": [], "summary": {"covered_lines": 0, "num_statements": 0, "percent_covered": 100.0, "percent_covered_display": "100", "missing_lines": 0, "excluded_lines": 0, "percent_statements_covered": 100.0, "percent_statements_covered_display": "100"}, "missing_lines": [], "excluded_lines": [], "start_line": 1}}}, "src/infrastructure/tasks/exceptions.py": {"executed_lines": [], "summary": {"covered_lines": 0, "num_statements": 6, "percent_covered": 0.0, "percent_covered_display": "0", "missing_lines": 6, "excluded_lines": 0, "percent_statements_covered": 0.0, "percent_statements_covered_display": "0"}, "missing_lines": [1, 3, 6, 9, 10, 11], "excluded_lines": [], "functions": {"": {"executed_lines": [], "summary": {"covered_lines": 0, "num_statements": 6, "percent_covered": 0.0, "percent_covered_display": "0", "missing_lines": 6, "excluded_lines": 0, "percent_statements_covered": 0.0, "percent_statements_covered_display": "0"}, "missing_lines": [1, 3, 6, 9, 10, 11], "excluded_lines": [], "start_line": 1}}, "classes": {"ImageProcessingError": {"executed_lines": [], "summary": {"covered_lines": 0, "num_statements": 0, "percent_covered": 100.0, "percent_covered_display": "100", "missing_lines": 0, "excluded_lines": 0, "percent_statements_covered": 100.0, "percent_statements_covered_display": "100"}, "missing_lines": [], "excluded_lines": [], "start_line": 6}, "": {"executed_lines": [], "summary": {"covered_lines": 0, "num_statements": 6, "percent_covered": 0.0, "percent_covered_display": "0", "missing_lines": 6, "excluded_lines": 0, "percent_statements_covered": 0.0, "percent_statements_covered_display": "0"}, "missing_lines": [1, 3, 6, 9, 10, 11], "excluded_lines": [], "start_line": 1}}}, "src/infrastructure/tasks/factory.py": {"executed_lines": [], "summary": {"covered_lines": 0, "num_statements": 5, "percent_covered": 0.0, "percent_covered_display": "0", "missing_lines": 5, "excluded_lines": 0, "percent_statements_covered": 0.0, "percent_statements_covered_display": "0"}, "missing_lines": [1, 2, 4, 6, 13], "excluded_lines": [], "functions": {"": {"executed_lines": [], "summary": {"covered_lines": 0, "num_statements": 5, "percent_covered": 0.0, "percent_covered_display": "0", "missing_lines": 5, "excluded_lines": 0, "percent_statements_covered": 0.0, "percent_statements_covered_display": "0"}, "missing_lines": [1, 2, 4, 6, 13], "excluded_lines": [], "start_line": 1}}, "classes": {"": {"executed_lines": [], "summary": {"covered_lines": 0, "num_statements": 5, "percent_covered": 0.0, "percent_covered_display": "0", "missing_lines": 5, "excluded_lines": 0, "percent_statements_covered": 0.0, "percent_statements_covered_display": "0"}, "missing_lines": [1, 2, 4, 6, 13], "excluded_lines": [], "start_line": 1}}}, "src/infrastructure/tasks/tasks.py": {"executed_lines": [], "summary": {"covered_lines": 0, "num_statements": 16, "percent_covered": 0.0, "percent_covered_display": "0", "missing_lines": 16, "excluded_lines": 0, "percent_statements_covered": 0.0, "percent_statements_covered_display": "0"}, "missing_lines": [1, 3, 5, 6, 9, 10, 12, 13, 14, 15, 17, 18, 19, 20, 22, 23], "excluded_lines": [], "functions": {"create_thumbnail": {"executed_lines": [], "summary": {"covered_lines": 0, "num_statements": 10, "percent_covered": 0.0, "percent_covered_display": "0", "missing_lines": 10, "excluded_lines": 0, "percent_statements_covered": 0.0, "percent_statements_covered_display": "0"}, "missing_lines": [12, 13, 14, 15, 17, 18, 19, 20, 22, 23], "excluded_lines": [], "start_line": 10}, "": {"executed_lines": [], "summary": {"covered_lines": 0, "num_statements": 6, "percent_covered": 0.0, "percent_covered_display": "0", "missing_lines": 6, "excluded_lines": 0, "percent_statements_covered": 0.0, "percent_statements_covered_display": "0"}, "missing_lines": [1, 3, 5, 6, 9, 10], "excluded_lines": [], "start_line": 1}}, "classes": {"": {"executed_lines": [], "summary": {"covered_lines": 0, "num_statements": 16, "percent_covered": 0.0, "percent_covered_display": "0", "missing_lines": 16, "excluded_lines": 0, "percent_statements_covered": 0.0, "percent_statements_covered_display": "0"}, "missing_lines": [1, 3, 5, 6, 9, 10, 12, 13, 14, 15, 17, 18, 19, 20, 22, 23], "excluded_lines": [], "start_line": 1}}}, "src/ioc/__init__.py": {"executed_lines": [], "summary": {"covered_lines": 0, "num_statements": 0, "percent_covered": 100.0, "percent_covered_display": "100", "missing_lines": 0, "excluded_lines": 0, "percent_statements_covered": 100.0, "percent_statements_covered_display": "100"}, "missing_lines": [], "excluded_lines": [], "functions": {"": {"executed_lines": [], "summary": {"covered_lines": 0, "num_statements": 0, "percent_covered": 100.0, "percent_covered_display": "100", "missing_lines": 0, "excluded_lines": 0, "percent_statements_covered": 100.0, "percent_statements_covered_display": "100"}, "missing_lines": [], "excluded_lines": [], "start_line": 1}}, "classes": {"": {"executed_lines": [], "summary": {"covered_lines": 0, "num_statements": 0, "percent_covered": 100.0, "percent_covered_display": "100", "missing_lines": 0, "excluded_lines": 0, "percent_statements_covered": 100.0, "percent_statements_covered_display": "100"}, "missing_lines": [], "excluded_lines": [], "start_line": 1}}}, "src/ioc/registry.py": {"executed_lines": [1, 3, 4, 5, 6, 7, 8, 11, 21], "summary": {"covered_lines": 9, "num_statements": 9, "percent_covered": 100.0, "percent_covered_display": "100", "missing_lines": 0, "excluded_lines": 0, "percent_statements_covered": 100.0, "percent_statements_covered_display": "100"}, "missing_lines": [], "excluded_lines": [], "functions": {"get_providers": {"executed_lines": [21], "summary": {"covered_lines": 1, "num_statements": 1, "percent_covered": 100.0, "percent_covered_display": "100", "missing_lines": 0, "excluded_lines": 0, "percent_statements_covered": 100.0, "percent_statements_covered_display": "100"}, "missing_lines": [], "excluded_lines": [], "start_line": 11}, "": {"executed_lines": [1, 3, 4, 5, 6, 7, 8, 11], "summary": {"covered_lines": 8, "num_statements": 8, "percent_covered": 100.0, "percent_covered_display": "100", "missing_lines": 0, "excluded_lines": 0, "percent_statements_covered": 100.0, "percent_statements_covered_display": "100"}, "missing_lines": [], "excluded_lines": [], "start_line": 1}}, "classes": {"": {"executed_lines": [1, 3, 4, 5, 6, 7, 8, 11, 21], "summary": {"covered_lines": 9, "num_statements": 9, "percent_covered": 100.0, "percent_covered_display": "100", "missing_lines": 0, "excluded_lines": 0, "percent_statements_covered": 100.0, "percent_statements_covered_display": "100"}, "missing_lines": [], "excluded_lines": [], "start_line": 1}}}, "src/main.py": {"executed_lines": [], "summary": {"covered_lines": 0, "num_statements": 29, "percent_covered": 0.0, "percent_covered_display": "0", "missing_lines": 29, "excluded_lines": 0, "percent_statements_covered": 0.0, "percent_statements_covered_display": "0"}, "missing_lines": [1, 2, 4, 5, 6, 8, 9, 10, 12, 15, 17, 19, 20, 21, 23, 30, 31, 34, 37, 39, 42, 43, 51, 52, 53, 55, 69, 72, 73], "excluded_lines": [], "functions": {"_start_app": {"executed_lines": [], "summary": {"covered_lines": 0, "num_statements": 8, "percent_covered": 0.0, "percent_covered_display": "0", "missing_lines": 8, "excluded_lines": 0, "percent_statements_covered": 0.0, "percent_statements_covered_display": "0"}, "missing_lines": [17, 19, 20, 21, 23, 30, 31, 34], "excluded_lines": [], "start_line": 15}, "start_app": {"executed_lines": [], "summary": {"covered_lines": 0, "num_statements": 1, "percent_covered": 0.0, "percent_covered_display": "0", "missing_lines": 1, "excluded_lines": 0, "percent_statements_covered": 0.0, "percent_statements_covered_display": "0"}, "missing_lines": [39], "excluded_lines": [], "start_line": 37}, "run": {"executed_lines": [], "summary": {"covered_lines": 0, "num_statements": 5, "percent_covered": 0.0, "percent_covered_display": "0", "missing_lines": 5, "excluded_lines": 0, "percent_statements_covered": 0.0, "percent_statements_covered_display": "0"}, "missing_lines": [51, 52, 53, 55, 69], "excluded_lines": [], "start_line": 43}, "": {"executed_lines": [], "summary": {"covered_lines": 0, "num_statements": 15, "percent_covered": 0.0, "percent_covered_display": "0", "missing_lines": 15, "excluded_lines": 0, "percent_statements_covered": 0.0, "percent_statements_covered_display": "0"}, "missing_lines": [1, 2, 4, 5, 6, 8, 9, 10, 12, 15, 37, 42, 43, 72, 73], "excluded_lines": [], "start_line": 1}}, "classes": {"": {"executed_lines": [], "summary": {"covered_lines": 0, "num_statements": 29, "percent_covered": 0.0, "percent_covered_display": "0", "missing_lines": 29, "excluded_lines": 0, "percent_statements_covered": 0.0, "percent_statements_covered_display": "0"}, "missing_lines": [1, 2, 4, 5, 6, 8, 9, 10, 12, 15, 17, 19, 20, 21, 23, 30, 31, 34, 37, 39, 42, 43, 51, 52, 53, 55, 69, 72, 73], "excluded_lines": [], "start_line": 1}}}, "src/setup/__init__.py": {"executed_lines": [], "summary": {"covered_lines": 0, "num_statements": 0, "percent_covered": 100.0, "percent_covered_display": "100", "missing_lines": 0, "excluded_lines": 0, "percent_statements_covered": 100.0, "percent_statements_covered_display": "100"}, "missing_lines": [], "excluded_lines": [], "functions": {"": {"executed_lines": [], "summary": {"covered_lines": 0, "num_statements": 0, "percent_covered": 100.0, "percent_covered_display": "100", "missing_lines": 0, "excluded_lines": 0, "percent_statements_covered": 100.0, "percent_statements_covered_display": "100"}, "missing_lines": [], "excluded_lines": [], "start_line": 1}}, "classes": {"": {"executed_lines": [], "summary": {"covered_lines": 0, "num_statements": 0, "percent_covered": 100.0, "percent_covered_display": "100", "missing_lines": 0, "excluded_lines": 0, "percent_statements_covered": 100.0, "percent_statements_covered_display": "100"}, "missing_lines": [], "excluded_lines": [], "start_line": 1}}}, "src/setup/common.py": {"executed_lines": [1, 3, 5, 7, 10], "summary": {"covered_lines": 5, "num_statements": 6, "percent_covered": 83.33333333333333, "percent_covered_display": "83", "missing_lines": 1, "excluded_lines": 0, "percent_statements_covered": 83.33333333333333, "percent_statements_covered_display": "83"}, "missing_lines": [24], "excluded_lines": [], "functions": {"create_async_container": {"executed_lines": [], "summary": {"covered_lines": 0, "num_statements": 1, "percent_covered": 0.0, "percent_covered_display": "0", "missing_lines": 1, "excluded_lines": 0, "percent_statements_covered": 0.0, "percent_statements_covered_display": "0"}, "missing_lines": [24], "excluded_lines": [], "start_line": 10}, "": {"executed_lines": [1, 3, 5, 7, 10], "summary": {"covered_lines": 5, "num_statements": 5, "percent_covered": 100.0, "percent_covered_display": "100", "missing_lines": 0, "excluded_lines": 0, "percent_statements_covered": 100.0, "percent_statements_covered_display": "100"}, "missing_lines": [], "excluded_lines": [], "start_line": 1}}, "classes": {"": {"executed_lines": [1, 3, 5, 7, 10], "summary": {"covered_lines": 5, "num_statements": 6, "percent_covered": 83.33333333333333, "percent_covered_display": "83", "missing_lines": 1, "excluded_lines": 0, "percent_statements_covered": 83.33333333333333, "percent_statements_covered_display": "83"}, "missing_lines": [24], "excluded_lines": [], "start_line": 1}}}, "src/setup/fastapi_app.py": {"executed_lines": [], "summary": {"covered_lines": 0, "num_statements": 17, "percent_covered": 0.0, "percent_covered_display": "0", "missing_lines": 17, "excluded_lines": 0, "percent_statements_covered": 0.0, "percent_statements_covered_display": "0"}, "missing_lines": [1, 3, 4, 5, 6, 7, 8, 11, 21, 26, 40, 43, 46, 49, 50, 51, 53], "excluded_lines": [], "functions": {"create_fastapi_app": {"executed_lines": [], "summary": {"covered_lines": 0, "num_statements": 8, "percent_covered": 0.0, "percent_covered_display": "0", "missing_lines": 8, "excluded_lines": 0, "percent_statements_covered": 0.0, "percent_statements_covered_display": "0"}, "missing_lines": [21, 26, 40, 43, 46, 49, 50, 53], "excluded_lines": [], "start_line": 11}, "create_fastapi_app.health_check": {"executed_lines": [], "summary": {"covered_lines": 0, "num_statements": 1, "percent_covered": 0.0, "percent_covered_display": "0", "missing_lines": 1, "excluded_lines": 0, "percent_statements_covered": 0.0, "percent_statements_covered_display": "0"}, "missing_lines": [51], "excluded_lines": [], "start_line": 50}, "": {"executed_lines": [], "summary": {"covered_lines": 0, "num_statements": 8, "percent_covered": 0.0, "percent_covered_display": "0", "missing_lines": 8, "excluded_lines": 0, "percent_statements_covered": 0.0, "percent_statements_covered_display": "0"}, "missing_lines": [1, 3, 4, 5, 6, 7, 8, 11], "excluded_lines": [], "start_line": 1}}, "classes": {"": {"executed_lines": [], "summary": {"covered_lines": 0, "num_statements": 17, "percent_covered": 0.0, "percent_covered_display": "0", "missing_lines": 17, "excluded_lines": 0, "percent_statements_covered": 0.0, "percent_statements_covered_display": "0"}, "missing_lines": [1, 3, 4, 5, 6, 7, 8, 11, 21, 26, 40, 43, 46, 49, 50, 51, 53], "excluded_lines": [], "start_line": 1}}}}, "totals": {"covered_lines": 2486, "num_statements": 4021, "percent_covered": 61.825416563044016, "percent_covered_display": "62", "missing_lines": 1535, "excluded_lines": 206, "percent_statements_covered": 61.825416563044016, "percent_statements_covered_display": "62"}}